{"/home/travis/build/npmtest/node-npmtest-netbeast-cli/test.js":{"path":"/home/travis/build/npmtest/node-npmtest-netbeast-cli/test.js","s":{"1":2,"2":2,"3":2,"4":2,"5":2,"6":2,"7":2,"8":1,"9":2,"10":2,"11":1,"12":1,"13":1,"14":1,"15":2,"16":2,"17":2,"18":2,"19":1,"20":1,"21":2,"22":2,"23":2,"24":1,"25":1,"26":1,"27":1,"28":1,"29":1,"30":1,"31":1,"32":1,"33":1,"34":1,"35":1,"36":1,"37":1,"38":1,"39":2,"40":2,"41":1,"42":2,"43":2,"44":1,"45":2,"46":2,"47":1,"48":2,"49":2,"50":1,"51":1,"52":1,"53":1,"54":1},"b":{"1":[2,1,1,1],"2":[1,1,1,1],"3":[1,1],"4":[1,1],"5":[1,1],"6":[1,1],"7":[1,1],"8":[1,1],"9":[1,1],"10":[1,1,1],"11":[1,1],"12":[1,1],"13":[1,1],"14":[1,1],"15":[1,1],"16":[1,1],"17":[1,1]},"f":{"1":2,"2":2,"3":2,"4":2,"5":2,"6":1,"7":1,"8":1,"9":2,"10":2,"11":2,"12":2,"13":1},"fnMap":{"1":{"name":"(anonymous_1)","line":12,"loc":{"start":{"line":12,"column":1},"end":{"line":12,"column":13}}},"2":{"name":"(anonymous_2)","line":19,"loc":{"start":{"line":19,"column":5},"end":{"line":19,"column":17}}},"3":{"name":"(anonymous_3)","line":23,"loc":{"start":{"line":23,"column":24},"end":{"line":23,"column":36}}},"4":{"name":"(anonymous_4)","line":61,"loc":{"start":{"line":61,"column":5},"end":{"line":61,"column":17}}},"5":{"name":"(anonymous_5)","line":82,"loc":{"start":{"line":82,"column":5},"end":{"line":82,"column":17}}},"6":{"name":"(anonymous_6)","line":91,"loc":{"start":{"line":91,"column":77},"end":{"line":94,"column":10}}},"7":{"name":"(anonymous_7)","line":112,"loc":{"start":{"line":112,"column":83},"end":{"line":115,"column":10}},"skip":true},"8":{"name":"(anonymous_8)","line":123,"loc":{"start":{"line":123,"column":77},"end":{"line":126,"column":10}},"skip":true},"9":{"name":"(anonymous_9)","line":139,"loc":{"start":{"line":139,"column":12},"end":{"line":139,"column":40}},"skip":true},"10":{"name":"(anonymous_10)","line":147,"loc":{"start":{"line":147,"column":77},"end":{"line":150,"column":10}},"skip":true},"11":{"name":"(anonymous_11)","line":158,"loc":{"start":{"line":158,"column":83},"end":{"line":161,"column":10}},"skip":true},"12":{"name":"(anonymous_12)","line":169,"loc":{"start":{"line":169,"column":79},"end":{"line":172,"column":10}},"skip":true},"13":{"name":"(anonymous_13)","line":180,"loc":{"start":{"line":180,"column":75},"end":{"line":183,"column":10}},"skip":true}},"statementMap":{"1":{"start":{"line":12,"column":0},"end":{"line":195,"column":5}},"2":{"start":{"line":14,"column":4},"end":{"line":14,"column":14}},"3":{"start":{"line":19,"column":4},"end":{"line":56,"column":9}},"4":{"start":{"line":21,"column":8},"end":{"line":21,"column":19}},"5":{"start":{"line":23,"column":8},"end":{"line":35,"column":13}},"6":{"start":{"line":24,"column":12},"end":{"line":34,"column":13}},"7":{"start":{"line":25,"column":16},"end":{"line":28,"column":30}},"8":{"start":{"line":30,"column":16},"end":{"line":33,"column":27}},"9":{"start":{"line":37,"column":8},"end":{"line":39,"column":21}},"10":{"start":{"line":40,"column":8},"end":{"line":53,"column":9}},"11":{"start":{"line":43,"column":12},"end":{"line":46,"column":14}},"12":{"start":{"line":47,"column":12},"end":{"line":47,"column":18}},"13":{"start":{"line":50,"column":12},"end":{"line":51,"column":46}},"14":{"start":{"line":52,"column":12},"end":{"line":52,"column":18}},"15":{"start":{"line":55,"column":8},"end":{"line":55,"column":35}},"16":{"start":{"line":61,"column":4},"end":{"line":63,"column":9}},"17":{"start":{"line":62,"column":8},"end":{"line":62,"column":15}},"18":{"start":{"line":64,"column":4},"end":{"line":77,"column":5}},"19":{"start":{"line":70,"column":8},"end":{"line":70,"column":14}},"20":{"start":{"line":76,"column":8},"end":{"line":76,"column":14}},"21":{"start":{"line":82,"column":4},"end":{"line":84,"column":9}},"22":{"start":{"line":83,"column":8},"end":{"line":83,"column":15}},"23":{"start":{"line":85,"column":4},"end":{"line":194,"column":5}},"24":{"start":{"line":91,"column":8},"end":{"line":99,"column":10}},"25":{"start":{"line":98,"column":12},"end":{"line":98,"column":35}},"26":{"start":{"line":102,"column":8},"end":{"line":104,"column":63}},"27":{"start":{"line":105,"column":8},"end":{"line":105,"column":14}},"28":{"start":{"line":112,"column":8},"end":{"line":121,"column":10},"skip":true},"29":{"start":{"line":119,"column":12},"end":{"line":119,"column":55},"skip":true},"30":{"start":{"line":120,"column":12},"end":{"line":120,"column":48},"skip":true},"31":{"start":{"line":123,"column":8},"end":{"line":136,"column":10},"skip":true},"32":{"start":{"line":130,"column":12},"end":{"line":130,"column":76},"skip":true},"33":{"start":{"line":131,"column":12},"end":{"line":131,"column":73},"skip":true},"34":{"start":{"line":132,"column":12},"end":{"line":132,"column":74},"skip":true},"35":{"start":{"line":133,"column":12},"end":{"line":133,"column":79},"skip":true},"36":{"start":{"line":134,"column":12},"end":{"line":134,"column":25},"skip":true},"37":{"start":{"line":135,"column":12},"end":{"line":135,"column":45},"skip":true},"38":{"start":{"line":138,"column":8},"end":{"line":145,"column":14},"skip":true},"39":{"start":{"line":143,"column":16},"end":{"line":143,"column":29},"skip":true},"40":{"start":{"line":144,"column":16},"end":{"line":144,"column":55},"skip":true},"41":{"start":{"line":147,"column":8},"end":{"line":156,"column":10},"skip":true},"42":{"start":{"line":154,"column":12},"end":{"line":154,"column":25},"skip":true},"43":{"start":{"line":155,"column":12},"end":{"line":155,"column":45},"skip":true},"44":{"start":{"line":158,"column":8},"end":{"line":167,"column":10},"skip":true},"45":{"start":{"line":165,"column":12},"end":{"line":165,"column":25},"skip":true},"46":{"start":{"line":166,"column":12},"end":{"line":166,"column":48},"skip":true},"47":{"start":{"line":169,"column":8},"end":{"line":178,"column":10},"skip":true},"48":{"start":{"line":176,"column":12},"end":{"line":176,"column":25},"skip":true},"49":{"start":{"line":177,"column":12},"end":{"line":177,"column":46},"skip":true},"50":{"start":{"line":180,"column":8},"end":{"line":189,"column":10},"skip":true},"51":{"start":{"line":187,"column":12},"end":{"line":187,"column":94},"skip":true},"52":{"start":{"line":188,"column":12},"end":{"line":188,"column":48},"skip":true},"53":{"start":{"line":192,"column":8},"end":{"line":192,"column":35},"skip":true},"54":{"start":{"line":193,"column":8},"end":{"line":193,"column":14},"skip":true}},"branchMap":{"1":{"line":25,"type":"binary-expr","locations":[{"start":{"line":25,"column":23},"end":{"line":25,"column":62}},{"start":{"line":26,"column":20},"end":{"line":26,"column":70}},{"start":{"line":27,"column":20},"end":{"line":27,"column":71}},{"start":{"line":28,"column":20},"end":{"line":28,"column":29}}]},"2":{"line":30,"type":"binary-expr","locations":[{"start":{"line":30,"column":23},"end":{"line":30,"column":37}},{"start":{"line":31,"column":20},"end":{"line":31,"column":61}},{"start":{"line":32,"column":20},"end":{"line":32,"column":70}},{"start":{"line":33,"column":20},"end":{"line":33,"column":26}}]},"3":{"line":37,"type":"cond-expr","locations":[{"start":{"line":38,"column":14},"end":{"line":38,"column":20}},{"start":{"line":39,"column":14},"end":{"line":39,"column":20}}]},"4":{"line":40,"type":"switch","locations":[{"start":{"line":42,"column":8},"end":{"line":47,"column":18}},{"start":{"line":49,"column":8},"end":{"line":52,"column":18}}]},"5":{"line":44,"type":"binary-expr","locations":[{"start":{"line":44,"column":16},"end":{"line":44,"column":44}},{"start":{"line":44,"column":48},"end":{"line":44,"column":66}}]},"6":{"line":50,"type":"binary-expr","locations":[{"start":{"line":50,"column":21},"end":{"line":50,"column":49}},{"start":{"line":50,"column":53},"end":{"line":50,"column":72}}]},"7":{"line":64,"type":"switch","locations":[{"start":{"line":69,"column":4},"end":{"line":70,"column":14}},{"start":{"line":75,"column":4},"end":{"line":76,"column":14}}]},"8":{"line":85,"type":"switch","locations":[{"start":{"line":90,"column":4},"end":{"line":105,"column":14}},{"start":{"line":111,"column":4},"end":{"line":193,"column":14},"skip":true}]},"9":{"line":91,"type":"binary-expr","locations":[{"start":{"line":91,"column":42},"end":{"line":91,"column":73}},{"start":{"line":91,"column":77},"end":{"line":99,"column":9}}]},"10":{"line":102,"type":"binary-expr","locations":[{"start":{"line":102,"column":18},"end":{"line":102,"column":32}},{"start":{"line":103,"column":12},"end":{"line":103,"column":53}},{"start":{"line":104,"column":12},"end":{"line":104,"column":61}}]},"11":{"line":112,"type":"binary-expr","locations":[{"start":{"line":112,"column":45},"end":{"line":112,"column":79},"skip":true},{"start":{"line":112,"column":83},"end":{"line":121,"column":9},"skip":true}]},"12":{"line":123,"type":"binary-expr","locations":[{"start":{"line":123,"column":42},"end":{"line":123,"column":73},"skip":true},{"start":{"line":123,"column":77},"end":{"line":136,"column":9},"skip":true}]},"13":{"line":138,"type":"binary-expr","locations":[{"start":{"line":138,"column":48},"end":{"line":138,"column":85},"skip":true},{"start":{"line":139,"column":12},"end":{"line":145,"column":13},"skip":true}]},"14":{"line":147,"type":"binary-expr","locations":[{"start":{"line":147,"column":42},"end":{"line":147,"column":73},"skip":true},{"start":{"line":147,"column":77},"end":{"line":156,"column":9},"skip":true}]},"15":{"line":158,"type":"binary-expr","locations":[{"start":{"line":158,"column":45},"end":{"line":158,"column":79},"skip":true},{"start":{"line":158,"column":83},"end":{"line":167,"column":9},"skip":true}]},"16":{"line":169,"type":"binary-expr","locations":[{"start":{"line":169,"column":43},"end":{"line":169,"column":75},"skip":true},{"start":{"line":169,"column":79},"end":{"line":178,"column":9},"skip":true}]},"17":{"line":180,"type":"binary-expr","locations":[{"start":{"line":180,"column":41},"end":{"line":180,"column":71},"skip":true},{"start":{"line":180,"column":75},"end":{"line":189,"column":9},"skip":true}]}},"code":["/* istanbul instrument in package npmtest_netbeast_cli */","/*jslint","    bitwise: true,","    browser: true,","    maxerr: 8,","    maxlen: 96,","    node: true,","    nomen: true,","    regexp: true,","    stupid: true","*/","(function () {","    'use strict';","    var local;","","","","    // run shared js-env code - pre-init","    (function () {","        // init local","        local = {};","        // init modeJs","        local.modeJs = (function () {","            try {","                return typeof navigator.userAgent === 'string' &&","                    typeof document.querySelector('body') === 'object' &&","                    typeof XMLHttpRequest.prototype.open === 'function' &&","                    'browser';","            } catch (errorCaughtBrowser) {","                return module.exports &&","                    typeof process.versions.node === 'string' &&","                    typeof require('http').createServer === 'function' &&","                    'node';","            }","        }());","        // init global","        local.global = local.modeJs === 'browser'","            ? window","            : global;","        switch (local.modeJs) {","        // re-init local from window.local","        case 'browser':","            local = local.global.utility2.objectSetDefault(","                local.global.utility2_rollup || local.global.local,","                local.global.utility2","            );","            break;","        // re-init local from example.js","        case 'node':","            local = (local.global.utility2_rollup || require('utility2'))","                .requireExampleJsFromReadme();","            break;","        }","        // export local","        local.global.local = local;","    }());","","","","    // run shared js-env code - function","    (function () {","        return;","    }());","    switch (local.modeJs) {","","","","    // run browser js-env code - function","    case 'browser':","        break;","","","","    // run node js-env code - function","    case 'node':","        break;","    }","","","","    // run shared js-env code - post-init","    (function () {","        return;","    }());","    switch (local.modeJs) {","","","","    // run browser js-env code - post-init","    case 'browser':","        local.testCase_browser_nullCase = local.testCase_browser_nullCase || function (","            options,","            onError","        ) {","        /*","         * this function will test browsers's null-case handling-behavior-behavior","         */","            onError(null, options);","        };","","        // run tests","        local.nop(local.modeTest &&","            document.querySelector('#testRunButton1') &&","            document.querySelector('#testRunButton1').click());","        break;","","","","    // run node js-env code - post-init","    /* istanbul ignore next */","    case 'node':","        local.testCase_buildApidoc_default = local.testCase_buildApidoc_default || function (","            options,","            onError","        ) {","        /*","         * this function will test buildApidoc's default handling-behavior-behavior","         */","            options = { modulePathList: module.paths };","            local.buildApidoc(options, onError);","        };","","        local.testCase_buildApp_default = local.testCase_buildApp_default || function (","            options,","            onError","        ) {","        /*","         * this function will test buildApp's default handling-behavior-behavior","         */","            local.testCase_buildReadme_default(options, local.onErrorThrow);","            local.testCase_buildLib_default(options, local.onErrorThrow);","            local.testCase_buildTest_default(options, local.onErrorThrow);","            local.testCase_buildCustomOrg_default(options, local.onErrorThrow);","            options = [];","            local.buildApp(options, onError);","        };","","        local.testCase_buildCustomOrg_default = local.testCase_buildCustomOrg_default ||","            function (options, onError) {","            /*","             * this function will test buildCustomOrg's default handling-behavior","             */","                options = {};","                local.buildCustomOrg(options, onError);","            };","","        local.testCase_buildLib_default = local.testCase_buildLib_default || function (","            options,","            onError","        ) {","        /*","         * this function will test buildLib's default handling-behavior","         */","            options = {};","            local.buildLib(options, onError);","        };","","        local.testCase_buildReadme_default = local.testCase_buildReadme_default || function (","            options,","            onError","        ) {","        /*","         * this function will test buildReadme's default handling-behavior-behavior","         */","            options = {};","            local.buildReadme(options, onError);","        };","","        local.testCase_buildTest_default = local.testCase_buildTest_default || function (","            options,","            onError","        ) {","        /*","         * this function will test buildTest's default handling-behavior","         */","            options = {};","            local.buildTest(options, onError);","        };","","        local.testCase_webpage_default = local.testCase_webpage_default || function (","            options,","            onError","        ) {","        /*","         * this function will test webpage's default handling-behavior","         */","            options = { modeCoverageMerge: true, url: local.serverLocalHost + '?modeTest=1' };","            local.browserTest(options, onError);","        };","","        // run test-server","        local.testRunServer(local);","        break;","    }","}());",""],"l":{"12":2,"14":2,"19":2,"21":2,"23":2,"24":2,"25":2,"30":1,"37":2,"40":2,"43":1,"47":1,"50":1,"52":1,"55":2,"61":2,"62":2,"64":2,"70":1,"76":1,"82":2,"83":2,"85":2,"91":1,"98":1,"102":1,"105":1,"112":1,"119":1,"120":1,"123":1,"130":1,"131":1,"132":1,"133":1,"134":1,"135":1,"138":1,"143":2,"144":2,"147":1,"154":2,"155":2,"158":1,"165":2,"166":2,"169":1,"176":2,"177":2,"180":1,"187":1,"188":1,"192":1,"193":1}},"/home/travis/build/npmtest/node-npmtest-netbeast-cli/lib.npmtest_netbeast_cli.js":{"path":"/home/travis/build/npmtest/node-npmtest-netbeast-cli/lib.npmtest_netbeast_cli.js","s":{"1":2,"2":2,"3":2,"4":2,"5":2,"6":2,"7":2,"8":1,"9":2,"10":2,"11":2,"12":2,"13":1,"14":1,"15":1,"16":1},"b":{"1":[2,1,1,1],"2":[1,1,1,1],"3":[1,1],"4":[2,2],"5":[1,1]},"f":{"1":2,"2":2,"3":2},"fnMap":{"1":{"name":"(anonymous_1)","line":12,"loc":{"start":{"line":12,"column":1},"end":{"line":12,"column":13}}},"2":{"name":"(anonymous_2)","line":19,"loc":{"start":{"line":19,"column":5},"end":{"line":19,"column":17}}},"3":{"name":"(anonymous_3)","line":23,"loc":{"start":{"line":23,"column":24},"end":{"line":23,"column":36}}}},"statementMap":{"1":{"start":{"line":12,"column":0},"end":{"line":53,"column":5}},"2":{"start":{"line":14,"column":4},"end":{"line":14,"column":14}},"3":{"start":{"line":19,"column":4},"end":{"line":52,"column":9}},"4":{"start":{"line":21,"column":8},"end":{"line":21,"column":19}},"5":{"start":{"line":23,"column":8},"end":{"line":35,"column":13}},"6":{"start":{"line":24,"column":12},"end":{"line":34,"column":13}},"7":{"start":{"line":25,"column":16},"end":{"line":28,"column":30}},"8":{"start":{"line":30,"column":16},"end":{"line":33,"column":27}},"9":{"start":{"line":37,"column":8},"end":{"line":39,"column":21}},"10":{"start":{"line":41,"column":8},"end":{"line":41,"column":54}},"11":{"start":{"line":43,"column":8},"end":{"line":43,"column":57}},"12":{"start":{"line":45,"column":8},"end":{"line":51,"column":9}},"13":{"start":{"line":46,"column":12},"end":{"line":46,"column":63}},"14":{"start":{"line":48,"column":12},"end":{"line":48,"column":35}},"15":{"start":{"line":49,"column":12},"end":{"line":49,"column":49}},"16":{"start":{"line":50,"column":12},"end":{"line":50,"column":43}}},"branchMap":{"1":{"line":25,"type":"binary-expr","locations":[{"start":{"line":25,"column":23},"end":{"line":25,"column":62}},{"start":{"line":26,"column":20},"end":{"line":26,"column":70}},{"start":{"line":27,"column":20},"end":{"line":27,"column":71}},{"start":{"line":28,"column":20},"end":{"line":28,"column":29}}]},"2":{"line":30,"type":"binary-expr","locations":[{"start":{"line":30,"column":23},"end":{"line":30,"column":37}},{"start":{"line":31,"column":20},"end":{"line":31,"column":61}},{"start":{"line":32,"column":20},"end":{"line":32,"column":70}},{"start":{"line":33,"column":20},"end":{"line":33,"column":26}}]},"3":{"line":37,"type":"cond-expr","locations":[{"start":{"line":38,"column":14},"end":{"line":38,"column":20}},{"start":{"line":39,"column":14},"end":{"line":39,"column":20}}]},"4":{"line":41,"type":"binary-expr","locations":[{"start":{"line":41,"column":16},"end":{"line":41,"column":44}},{"start":{"line":41,"column":48},"end":{"line":41,"column":53}}]},"5":{"line":45,"type":"if","locations":[{"start":{"line":45,"column":8},"end":{"line":45,"column":8}},{"start":{"line":45,"column":8},"end":{"line":45,"column":8}}]}},"code":["/* istanbul instrument in package npmtest_netbeast_cli */","/*jslint","    bitwise: true,","    browser: true,","    maxerr: 8,","    maxlen: 96,","    node: true,","    nomen: true,","    regexp: true,","    stupid: true","*/","(function () {","    'use strict';","    var local;","","","","    // run shared js-env code - pre-init","    (function () {","        // init local","        local = {};","        // init modeJs","        local.modeJs = (function () {","            try {","                return typeof navigator.userAgent === 'string' &&","                    typeof document.querySelector('body') === 'object' &&","                    typeof XMLHttpRequest.prototype.open === 'function' &&","                    'browser';","            } catch (errorCaughtBrowser) {","                return module.exports &&","                    typeof process.versions.node === 'string' &&","                    typeof require('http').createServer === 'function' &&","                    'node';","            }","        }());","        // init global","        local.global = local.modeJs === 'browser'","            ? window","            : global;","        // init utility2_rollup","        local = local.global.utility2_rollup || local;","        // init lib","        local.local = local.npmtest_netbeast_cli = local;","        // init exports","        if (local.modeJs === 'browser') {","            local.global.utility2_npmtest_netbeast_cli = local;","        } else {","            module.exports = local;","            module.exports.__dirname = __dirname;","            module.exports.module = module;","        }","    }());","}());",""],"l":{"12":2,"14":2,"19":2,"21":2,"23":2,"24":2,"25":2,"30":1,"37":2,"41":2,"43":2,"45":2,"46":1,"48":1,"49":1,"50":1}},"/home/travis/build/npmtest/node-npmtest-netbeast-cli/example.js":{"path":"/home/travis/build/npmtest/node-npmtest-netbeast-cli/example.js","s":{"1":2,"2":2,"3":2,"4":2,"5":2,"6":2,"7":2,"8":1,"9":2,"10":2,"11":2,"12":2,"13":1,"14":2,"15":2,"16":2,"17":2,"18":2,"19":0,"20":2,"21":1,"22":1,"23":1,"24":1,"25":1,"26":0,"27":0,"28":1,"29":1,"30":2,"31":0,"32":0,"33":0,"34":1,"35":2,"36":2,"37":3,"38":3,"39":3,"40":3,"41":0,"42":3,"43":3,"44":3,"45":1,"46":3,"47":1,"48":1,"49":1,"50":1,"51":1,"52":1,"53":1,"54":1,"55":1,"56":1,"57":0,"58":1,"59":6,"60":6,"61":1,"62":2,"63":0,"64":2,"65":1,"66":1,"67":0,"68":0,"69":0,"70":0,"71":0,"72":0,"73":0,"74":0,"75":0,"76":0,"77":0,"78":0,"79":0,"80":0,"81":0,"82":0,"83":0},"b":{"1":[2,1,1,1],"2":[1,1,1,1],"3":[1,1],"4":[2,2],"5":[1,1],"6":[1,1],"7":[2,0],"8":[2,1,1,1,1,1],"9":[0,2,0],"10":[1,1],"11":[2,1,1],"12":[1,0],"13":[0,2],"14":[2,0,0,0,0,0,0],"15":[0,3],"16":[3,0],"17":[1,1],"18":[0,1],"19":[1,2,0,2],"20":[1,0],"21":[1,1],"22":[0,0],"23":[0,0],"24":[0,0],"25":[0,0],"26":[0,0],"27":[0,0],"28":[0,0]},"f":{"1":2,"2":2,"3":2,"4":2,"5":2,"6":2,"7":3,"8":3,"9":3,"10":1,"11":6,"12":0},"fnMap":{"1":{"name":"(anonymous_1)","line":26,"loc":{"start":{"line":26,"column":1},"end":{"line":26,"column":13}}},"2":{"name":"(anonymous_2)","line":33,"loc":{"start":{"line":33,"column":5},"end":{"line":33,"column":17}}},"3":{"name":"(anonymous_3)","line":37,"loc":{"start":{"line":37,"column":24},"end":{"line":37,"column":36}}},"4":{"name":"(anonymous_4)","line":69,"loc":{"start":{"line":69,"column":31},"end":{"line":69,"column":48}},"skip":true},"5":{"name":"(anonymous_5)","line":78,"loc":{"start":{"line":78,"column":26},"end":{"line":78,"column":45}},"skip":true},"6":{"name":"(anonymous_6)","line":123,"loc":{"start":{"line":123,"column":33},"end":{"line":123,"column":48}},"skip":true},"7":{"name":"(anonymous_7)","line":125,"loc":{"start":{"line":125,"column":27},"end":{"line":125,"column":39}},"skip":true},"8":{"name":"(anonymous_8)","line":133,"loc":{"start":{"line":133,"column":59},"end":{"line":133,"column":74}},"skip":true},"9":{"name":"(anonymous_9)","line":143,"loc":{"start":{"line":143,"column":45},"end":{"line":143,"column":62}},"skip":true},"10":{"name":"(anonymous_10)","line":144,"loc":{"start":{"line":144,"column":73},"end":{"line":144,"column":92}},"skip":true},"11":{"name":"(anonymous_11)","line":272,"loc":{"start":{"line":272,"column":51},"end":{"line":272,"column":77}},"skip":true},"12":{"name":"(anonymous_12)","line":315,"loc":{"start":{"line":315,"column":32},"end":{"line":315,"column":61}},"skip":true}},"statementMap":{"1":{"start":{"line":26,"column":0},"end":{"line":326,"column":5}},"2":{"start":{"line":28,"column":4},"end":{"line":28,"column":14}},"3":{"start":{"line":33,"column":4},"end":{"line":60,"column":9}},"4":{"start":{"line":35,"column":8},"end":{"line":35,"column":19}},"5":{"start":{"line":37,"column":8},"end":{"line":49,"column":13}},"6":{"start":{"line":38,"column":12},"end":{"line":48,"column":13}},"7":{"start":{"line":39,"column":16},"end":{"line":42,"column":30}},"8":{"start":{"line":44,"column":16},"end":{"line":47,"column":27}},"9":{"start":{"line":51,"column":8},"end":{"line":53,"column":21}},"10":{"start":{"line":55,"column":8},"end":{"line":57,"column":45}},"11":{"start":{"line":59,"column":8},"end":{"line":59,"column":35}},"12":{"start":{"line":61,"column":4},"end":{"line":325,"column":5}},"13":{"start":{"line":69,"column":8},"end":{"line":121,"column":10},"skip":true},"14":{"start":{"line":70,"column":12},"end":{"line":88,"column":13},"skip":true},"15":{"start":{"line":76,"column":16},"end":{"line":87,"column":19},"skip":true},"16":{"start":{"line":79,"column":20},"end":{"line":86,"column":21},"skip":true},"17":{"start":{"line":82,"column":24},"end":{"line":82,"column":43},"skip":true},"18":{"start":{"line":83,"column":24},"end":{"line":83,"column":30},"skip":true},"19":{"start":{"line":85,"column":24},"end":{"line":85,"column":49},"skip":true},"20":{"start":{"line":89,"column":12},"end":{"line":107,"column":13},"skip":true},"21":{"start":{"line":92,"column":16},"end":{"line":102,"column":17},"skip":true},"22":{"start":{"line":93,"column":20},"end":{"line":93,"column":86},"skip":true},"23":{"start":{"line":94,"column":20},"end":{"line":95,"column":45},"skip":true},"24":{"start":{"line":96,"column":20},"end":{"line":96,"column":42},"skip":true},"25":{"start":{"line":97,"column":20},"end":{"line":97,"column":48},"skip":true},"26":{"start":{"line":100,"column":20},"end":{"line":100,"column":85},"skip":true},"27":{"start":{"line":101,"column":20},"end":{"line":101,"column":96},"skip":true},"28":{"start":{"line":103,"column":16},"end":{"line":103,"column":22},"skip":true},"29":{"start":{"line":106,"column":16},"end":{"line":106,"column":22},"skip":true},"30":{"start":{"line":108,"column":12},"end":{"line":120,"column":13},"skip":true},"31":{"start":{"line":114,"column":16},"end":{"line":119,"column":17},"skip":true},"32":{"start":{"line":116,"column":20},"end":{"line":116,"column":78},"skip":true},"33":{"start":{"line":118,"column":20},"end":{"line":118,"column":47},"skip":true},"34":{"start":{"line":123,"column":8},"end":{"line":141,"column":11},"skip":true},"35":{"start":{"line":124,"column":12},"end":{"line":124,"column":54},"skip":true},"36":{"start":{"line":125,"column":12},"end":{"line":140,"column":14},"skip":true},"37":{"start":{"line":126,"column":16},"end":{"line":126,"column":28},"skip":true},"38":{"start":{"line":127,"column":16},"end":{"line":127,"column":69},"skip":true},"39":{"start":{"line":128,"column":16},"end":{"line":128,"column":75},"skip":true},"40":{"start":{"line":129,"column":16},"end":{"line":131,"column":17},"skip":true},"41":{"start":{"line":130,"column":20},"end":{"line":130,"column":27},"skip":true},"42":{"start":{"line":133,"column":16},"end":{"line":137,"column":36},"skip":true},"43":{"start":{"line":134,"column":20},"end":{"line":136,"column":55},"skip":true},"44":{"start":{"line":139,"column":16},"end":{"line":139,"column":57},"skip":true},"45":{"start":{"line":143,"column":8},"end":{"line":147,"column":11},"skip":true},"46":{"start":{"line":144,"column":12},"end":{"line":146,"column":15},"skip":true},"47":{"start":{"line":145,"column":16},"end":{"line":145,"column":70},"skip":true},"48":{"start":{"line":149,"column":8},"end":{"line":149,"column":31},"skip":true},"49":{"start":{"line":150,"column":8},"end":{"line":150,"column":14},"skip":true},"50":{"start":{"line":158,"column":8},"end":{"line":158,"column":31},"skip":true},"51":{"start":{"line":160,"column":8},"end":{"line":160,"column":33},"skip":true},"52":{"start":{"line":161,"column":8},"end":{"line":161,"column":37},"skip":true},"53":{"start":{"line":162,"column":8},"end":{"line":162,"column":35},"skip":true},"54":{"start":{"line":164,"column":8},"end":{"line":164,"column":50},"skip":true},"55":{"start":{"line":166,"column":8},"end":{"line":256,"column":2},"skip":true},"56":{"start":{"line":258,"column":8},"end":{"line":286,"column":9},"skip":true},"57":{"start":{"line":259,"column":12},"end":{"line":269,"column":14},"skip":true},"58":{"start":{"line":271,"column":12},"end":{"line":285,"column":19},"skip":true},"59":{"start":{"line":274,"column":20},"end":{"line":274,"column":35},"skip":true},"60":{"start":{"line":275,"column":20},"end":{"line":284,"column":21},"skip":true},"61":{"start":{"line":277,"column":24},"end":{"line":277,"column":64},"skip":true},"62":{"start":{"line":279,"column":24},"end":{"line":279,"column":40},"skip":true},"63":{"start":{"line":281,"column":24},"end":{"line":281,"column":40},"skip":true},"64":{"start":{"line":283,"column":24},"end":{"line":283,"column":39},"skip":true},"65":{"start":{"line":288,"column":8},"end":{"line":290,"column":9},"skip":true},"66":{"start":{"line":289,"column":12},"end":{"line":289,"column":18},"skip":true},"67":{"start":{"line":291,"column":8},"end":{"line":293,"column":54},"skip":true},"68":{"start":{"line":296,"column":8},"end":{"line":301,"column":37},"skip":true},"69":{"start":{"line":303,"column":8},"end":{"line":303,"column":82},"skip":true},"70":{"start":{"line":306,"column":8},"end":{"line":308,"column":9},"skip":true},"71":{"start":{"line":307,"column":12},"end":{"line":307,"column":82},"skip":true},"72":{"start":{"line":310,"column":8},"end":{"line":312,"column":9},"skip":true},"73":{"start":{"line":311,"column":12},"end":{"line":311,"column":18},"skip":true},"74":{"start":{"line":313,"column":8},"end":{"line":313,"column":54},"skip":true},"75":{"start":{"line":314,"column":8},"end":{"line":314,"column":69},"skip":true},"76":{"start":{"line":315,"column":8},"end":{"line":323,"column":36},"skip":true},"77":{"start":{"line":316,"column":12},"end":{"line":316,"column":61},"skip":true},"78":{"start":{"line":317,"column":12},"end":{"line":320,"column":13},"skip":true},"79":{"start":{"line":318,"column":16},"end":{"line":318,"column":75},"skip":true},"80":{"start":{"line":319,"column":16},"end":{"line":319,"column":23},"skip":true},"81":{"start":{"line":321,"column":12},"end":{"line":321,"column":38},"skip":true},"82":{"start":{"line":322,"column":12},"end":{"line":322,"column":27},"skip":true},"83":{"start":{"line":324,"column":8},"end":{"line":324,"column":14},"skip":true}},"branchMap":{"1":{"line":39,"type":"binary-expr","locations":[{"start":{"line":39,"column":23},"end":{"line":39,"column":62}},{"start":{"line":40,"column":20},"end":{"line":40,"column":70}},{"start":{"line":41,"column":20},"end":{"line":41,"column":71}},{"start":{"line":42,"column":20},"end":{"line":42,"column":29}}]},"2":{"line":44,"type":"binary-expr","locations":[{"start":{"line":44,"column":23},"end":{"line":44,"column":37}},{"start":{"line":45,"column":20},"end":{"line":45,"column":61}},{"start":{"line":46,"column":20},"end":{"line":46,"column":70}},{"start":{"line":47,"column":20},"end":{"line":47,"column":26}}]},"3":{"line":51,"type":"cond-expr","locations":[{"start":{"line":52,"column":14},"end":{"line":52,"column":20}},{"start":{"line":53,"column":14},"end":{"line":53,"column":20}}]},"4":{"line":55,"type":"binary-expr","locations":[{"start":{"line":55,"column":16},"end":{"line":55,"column":44}},{"start":{"line":55,"column":49},"end":{"line":57,"column":43}}]},"5":{"line":55,"type":"cond-expr","locations":[{"start":{"line":56,"column":14},"end":{"line":56,"column":56}},{"start":{"line":57,"column":14},"end":{"line":57,"column":43}}]},"6":{"line":61,"type":"switch","locations":[{"start":{"line":68,"column":4},"end":{"line":150,"column":14},"skip":true},{"start":{"line":156,"column":4},"end":{"line":324,"column":14},"skip":true}]},"7":{"line":70,"type":"if","locations":[{"start":{"line":70,"column":12},"end":{"line":70,"column":12},"skip":true},{"start":{"line":70,"column":12},"end":{"line":70,"column":12},"skip":true}]},"8":{"line":70,"type":"binary-expr","locations":[{"start":{"line":70,"column":16},"end":{"line":70,"column":22},"skip":true},{"start":{"line":70,"column":27},"end":{"line":70,"column":32},"skip":true},{"start":{"line":71,"column":20},"end":{"line":71,"column":39},"skip":true},{"start":{"line":72,"column":20},"end":{"line":72,"column":49},"skip":true},{"start":{"line":73,"column":20},"end":{"line":73,"column":58},"skip":true},{"start":{"line":74,"column":20},"end":{"line":74,"column":69},"skip":true}]},"9":{"line":79,"type":"switch","locations":[{"start":{"line":80,"column":20},"end":{"line":80,"column":33},"skip":true},{"start":{"line":81,"column":20},"end":{"line":83,"column":30},"skip":true},{"start":{"line":84,"column":20},"end":{"line":85,"column":49},"skip":true}]},"10":{"line":89,"type":"switch","locations":[{"start":{"line":90,"column":12},"end":{"line":103,"column":22},"skip":true},{"start":{"line":105,"column":12},"end":{"line":106,"column":22},"skip":true}]},"11":{"line":89,"type":"binary-expr","locations":[{"start":{"line":89,"column":20},"end":{"line":89,"column":25},"skip":true},{"start":{"line":89,"column":29},"end":{"line":89,"column":48},"skip":true},{"start":{"line":89,"column":52},"end":{"line":89,"column":74},"skip":true}]},"12":{"line":92,"type":"if","locations":[{"start":{"line":92,"column":16},"end":{"line":92,"column":16},"skip":true},{"start":{"line":92,"column":16},"end":{"line":92,"column":16},"skip":true}]},"13":{"line":108,"type":"if","locations":[{"start":{"line":108,"column":12},"end":{"line":108,"column":12},"skip":true},{"start":{"line":108,"column":12},"end":{"line":108,"column":12},"skip":true}]},"14":{"line":108,"type":"binary-expr","locations":[{"start":{"line":108,"column":16},"end":{"line":108,"column":61},"skip":true},{"start":{"line":108,"column":66},"end":{"line":108,"column":72},"skip":true},{"start":{"line":108,"column":77},"end":{"line":108,"column":82},"skip":true},{"start":{"line":109,"column":20},"end":{"line":109,"column":39},"skip":true},{"start":{"line":110,"column":20},"end":{"line":110,"column":49},"skip":true},{"start":{"line":111,"column":20},"end":{"line":111,"column":58},"skip":true},{"start":{"line":112,"column":20},"end":{"line":112,"column":68},"skip":true}]},"15":{"line":129,"type":"if","locations":[{"start":{"line":129,"column":16},"end":{"line":129,"column":16},"skip":true},{"start":{"line":129,"column":16},"end":{"line":129,"column":16},"skip":true}]},"16":{"line":134,"type":"cond-expr","locations":[{"start":{"line":135,"column":26},"end":{"line":135,"column":29},"skip":true},{"start":{"line":136,"column":26},"end":{"line":136,"column":54},"skip":true}]},"17":{"line":164,"type":"binary-expr","locations":[{"start":{"line":164,"column":27},"end":{"line":164,"column":43},"skip":true},{"start":{"line":164,"column":47},"end":{"line":164,"column":49},"skip":true}]},"18":{"line":258,"type":"if","locations":[{"start":{"line":258,"column":8},"end":{"line":258,"column":8},"skip":true},{"start":{"line":258,"column":8},"end":{"line":258,"column":8},"skip":true}]},"19":{"line":275,"type":"switch","locations":[{"start":{"line":276,"column":20},"end":{"line":277,"column":64},"skip":true},{"start":{"line":278,"column":20},"end":{"line":279,"column":40},"skip":true},{"start":{"line":280,"column":20},"end":{"line":281,"column":40},"skip":true},{"start":{"line":282,"column":20},"end":{"line":283,"column":39},"skip":true}]},"20":{"line":288,"type":"if","locations":[{"start":{"line":288,"column":8},"end":{"line":288,"column":8},"skip":true},{"start":{"line":288,"column":8},"end":{"line":288,"column":8},"skip":true}]},"21":{"line":288,"type":"binary-expr","locations":[{"start":{"line":288,"column":12},"end":{"line":288,"column":40},"skip":true},{"start":{"line":288,"column":44},"end":{"line":288,"column":67},"skip":true}]},"22":{"line":292,"type":"binary-expr","locations":[{"start":{"line":292,"column":12},"end":{"line":292,"column":50},"skip":true},{"start":{"line":293,"column":12},"end":{"line":293,"column":53},"skip":true}]},"23":{"line":297,"type":"binary-expr","locations":[{"start":{"line":297,"column":12},"end":{"line":297,"column":70},"skip":true},{"start":{"line":298,"column":12},"end":{"line":301,"column":36},"skip":true}]},"24":{"line":303,"type":"binary-expr","locations":[{"start":{"line":303,"column":43},"end":{"line":303,"column":75},"skip":true},{"start":{"line":303,"column":79},"end":{"line":303,"column":81},"skip":true}]},"25":{"line":306,"type":"if","locations":[{"start":{"line":306,"column":8},"end":{"line":306,"column":8},"skip":true},{"start":{"line":306,"column":8},"end":{"line":306,"column":8},"skip":true}]},"26":{"line":310,"type":"if","locations":[{"start":{"line":310,"column":8},"end":{"line":310,"column":8},"skip":true},{"start":{"line":310,"column":8},"end":{"line":310,"column":8},"skip":true}]},"27":{"line":313,"type":"binary-expr","locations":[{"start":{"line":313,"column":27},"end":{"line":313,"column":43},"skip":true},{"start":{"line":313,"column":47},"end":{"line":313,"column":53},"skip":true}]},"28":{"line":317,"type":"if","locations":[{"start":{"line":317,"column":12},"end":{"line":317,"column":12},"skip":true},{"start":{"line":317,"column":12},"end":{"line":317,"column":12},"skip":true}]}},"code":["/*","example.js","","quickstart example","","instruction","    1. save this script as example.js","    2. run the shell command:","        $ npm install npmtest-netbeast-cli && PORT=8081 node example.js","    3. play with the browser-demo on http://127.0.0.1:8081","*/","","","","/* istanbul instrument in package npmtest_netbeast_cli */","/*jslint","    bitwise: true,","    browser: true,","    maxerr: 8,","    maxlen: 96,","    node: true,","    nomen: true,","    regexp: true,","    stupid: true","*/","(function () {","    'use strict';","    var local;","","","","    // run shared js-env code - pre-init","    (function () {","        // init local","        local = {};","        // init modeJs","        local.modeJs = (function () {","            try {","                return typeof navigator.userAgent === 'string' &&","                    typeof document.querySelector('body') === 'object' &&","                    typeof XMLHttpRequest.prototype.open === 'function' &&","                    'browser';","            } catch (errorCaughtBrowser) {","                return module.exports &&","                    typeof process.versions.node === 'string' &&","                    typeof require('http').createServer === 'function' &&","                    'node';","            }","        }());","        // init global","        local.global = local.modeJs === 'browser'","            ? window","            : global;","        // init utility2_rollup","        local = local.global.utility2_rollup || (local.modeJs === 'browser'","            ? local.global.utility2_npmtest_netbeast_cli","            : global.utility2_moduleExports);","        // export local","        local.global.local = local;","    }());","    switch (local.modeJs) {","","","","    // post-init","    // run browser js-env code - post-init","    /* istanbul ignore next */","    case 'browser':","        local.testRunBrowser = function (event) {","            if (!event || (event &&","                    event.currentTarget &&","                    event.currentTarget.className &&","                    event.currentTarget.className.includes &&","                    event.currentTarget.className.includes('onreset'))) {","                // reset output","                Array.from(","                    document.querySelectorAll('body > .resettable')","                ).forEach(function (element) {","                    switch (element.tagName) {","                    case 'INPUT':","                    case 'TEXTAREA':","                        element.value = '';","                        break;","                    default:","                        element.textContent = '';","                    }","                });","            }","            switch (event && event.currentTarget && event.currentTarget.id) {","            case 'testRunButton1':","                // show tests","                if (document.querySelector('#testReportDiv1').style.display === 'none') {","                    document.querySelector('#testReportDiv1').style.display = 'block';","                    document.querySelector('#testRunButton1').textContent =","                        'hide internal test';","                    local.modeTest = true;","                    local.testRunDefault(local);","                // hide tests","                } else {","                    document.querySelector('#testReportDiv1').style.display = 'none';","                    document.querySelector('#testRunButton1').textContent = 'run internal test';","                }","                break;","            // custom-case","            default:","                break;","            }","            if (document.querySelector('#inputTextareaEval1') && (!event || (event &&","                    event.currentTarget &&","                    event.currentTarget.className &&","                    event.currentTarget.className.includes &&","                    event.currentTarget.className.includes('oneval')))) {","                // try to eval input-code","                try {","                    /*jslint evil: true*/","                    eval(document.querySelector('#inputTextareaEval1').value);","                } catch (errorCaught) {","                    console.error(errorCaught);","                }","            }","        };","        // log stderr and stdout to #outputTextareaStdout1","        ['error', 'log'].forEach(function (key) {","            console[key + '_original'] = console[key];","            console[key] = function () {","                var element;","                console[key + '_original'].apply(console, arguments);","                element = document.querySelector('#outputTextareaStdout1');","                if (!element) {","                    return;","                }","                // append text to #outputTextareaStdout1","                element.value += Array.from(arguments).map(function (arg) {","                    return typeof arg === 'string'","                        ? arg","                        : JSON.stringify(arg, null, 4);","                }).join(' ') + '\\n';","                // scroll textarea to bottom","                element.scrollTop = element.scrollHeight;","            };","        });","        // init event-handling","        ['change', 'click', 'keyup'].forEach(function (event) {","            Array.from(document.querySelectorAll('.on' + event)).forEach(function (element) {","                element.addEventListener(event, local.testRunBrowser);","            });","        });","        // run tests","        local.testRunBrowser();","        break;","","","","    // run node js-env code - post-init","    /* istanbul ignore next */","    case 'node':","        // export local","        module.exports = local;","        // require modules","        local.fs = require('fs');","        local.http = require('http');","        local.url = require('url');","        // init assets","        local.assetsDict = local.assetsDict || {};","        /* jslint-ignore-begin */","        local.assetsDict['/assets.index.template.html'] = '\\","<!doctype html>\\n\\","<html lang=\"en\">\\n\\","<head>\\n\\","<meta charset=\"UTF-8\">\\n\\","<meta name=\"viewport\" content=\"width=device-width, initial-scale=1\">\\n\\","<title>{{env.npm_package_name}} (v{{env.npm_package_version}})</title>\\n\\","<style>\\n\\","/*csslint\\n\\","    box-sizing: false,\\n\\","    universal-selector: false\\n\\","*/\\n\\","* {\\n\\","    box-sizing: border-box;\\n\\","}\\n\\","body {\\n\\","    background: #dde;\\n\\","    font-family: Arial, Helvetica, sans-serif;\\n\\","    margin: 2rem;\\n\\","}\\n\\","body > * {\\n\\","    margin-bottom: 1rem;\\n\\","}\\n\\",".utility2FooterDiv {\\n\\","    margin-top: 20px;\\n\\","    text-align: center;\\n\\","}\\n\\","</style>\\n\\","<style>\\n\\","/*csslint\\n\\","*/\\n\\","textarea {\\n\\","    font-family: monospace;\\n\\","    height: 10rem;\\n\\","    width: 100%;\\n\\","}\\n\\","textarea[readonly] {\\n\\","    background: #ddd;\\n\\","}\\n\\","</style>\\n\\","</head>\\n\\","<body>\\n\\","<!-- utility2-comment\\n\\","<div id=\"ajaxProgressDiv1\" style=\"background: #d00; height: 2px; left: 0; margin: 0; padding: 0; position: fixed; top: 0; transition: background 0.5s, width 1.5s; width: 25%;\"></div>\\n\\","utility2-comment -->\\n\\","<h1>\\n\\","<!-- utility2-comment\\n\\","    <a\\n\\","        {{#if env.npm_package_homepage}}\\n\\","        href=\"{{env.npm_package_homepage}}\"\\n\\","        {{/if env.npm_package_homepage}}\\n\\","        target=\"_blank\"\\n\\","    >\\n\\","utility2-comment -->\\n\\","        {{env.npm_package_name}} (v{{env.npm_package_version}})\\n\\","<!-- utility2-comment\\n\\","    </a>\\n\\","utility2-comment -->\\n\\","</h1>\\n\\","<h3>{{env.npm_package_description}}</h3>\\n\\","<!-- utility2-comment\\n\\","<h4><a download href=\"assets.app.js\">download standalone app</a></h4>\\n\\","<button class=\"onclick onreset\" id=\"testRunButton1\">run internal test</button><br>\\n\\","<div id=\"testReportDiv1\" style=\"display: none;\"></div>\\n\\","utility2-comment -->\\n\\","\\n\\","\\n\\","\\n\\","<label>stderr and stdout</label>\\n\\","<textarea class=\"resettable\" id=\"outputTextareaStdout1\" readonly></textarea>\\n\\","<!-- utility2-comment\\n\\","{{#if isRollup}}\\n\\","<script src=\"assets.app.js\"></script>\\n\\","{{#unless isRollup}}\\n\\","utility2-comment -->\\n\\","<script src=\"assets.utility2.rollup.js\"></script>\\n\\","<script src=\"jsonp.utility2._stateInit?callback=window.utility2._stateInit\"></script>\\n\\","<script src=\"assets.npmtest_netbeast_cli.rollup.js\"></script>\\n\\","<script src=\"assets.example.js\"></script>\\n\\","<script src=\"assets.test.js\"></script>\\n\\","<!-- utility2-comment\\n\\","{{/if isRollup}}\\n\\","utility2-comment -->\\n\\","<div class=\"utility2FooterDiv\">\\n\\","    [ this app was created with\\n\\","    <a href=\"https://github.com/kaizhu256/node-utility2\" target=\"_blank\">utility2</a>\\n\\","    ]\\n\\","</div>\\n\\","</body>\\n\\","</html>\\n\\","';","        /* jslint-ignore-end */","        if (local.templateRender) {","            local.assetsDict['/'] = local.templateRender(","                local.assetsDict['/assets.index.template.html'],","                {","                    env: local.objectSetDefault(local.env, {","                        npm_package_description: 'the greatest app in the world!',","                        npm_package_name: 'my-app',","                        npm_package_nameAlias: 'my_app',","                        npm_package_version: '0.0.1'","                    })","                }","            );","        } else {","            local.assetsDict['/'] = local.assetsDict['/assets.index.template.html']","                .replace((/\\{\\{env\\.(\\w+?)\\}\\}/g), function (match0, match1) {","                    // jslint-hack","                    String(match0);","                    switch (match1) {","                    case 'npm_package_description':","                        return 'the greatest app in the world!';","                    case 'npm_package_name':","                        return 'my-app';","                    case 'npm_package_nameAlias':","                        return 'my_app';","                    case 'npm_package_version':","                        return '0.0.1';","                    }","                });","        }","        // run the cli","        if (local.global.utility2_rollup || module !== require.main) {","            break;","        }","        local.assetsDict['/assets.example.js'] =","            local.assetsDict['/assets.example.js'] ||","            local.fs.readFileSync(__filename, 'utf8');","        // bug-workaround - long $npm_package_buildCustomOrg","        /* jslint-ignore-begin */","        local.assetsDict['/assets.npmtest_netbeast_cli.rollup.js'] =","            local.assetsDict['/assets.npmtest_netbeast_cli.rollup.js'] ||","            local.fs.readFileSync(","                local.npmtest_netbeast_cli.__dirname + '/lib.npmtest_netbeast_cli.js',","                'utf8'","            ).replace((/^#!/), '//');","        /* jslint-ignore-end */","        local.assetsDict['/favicon.ico'] = local.assetsDict['/favicon.ico'] || '';","        // if $npm_config_timeout_exit exists,","        // then exit this process after $npm_config_timeout_exit ms","        if (Number(process.env.npm_config_timeout_exit)) {","            setTimeout(process.exit, Number(process.env.npm_config_timeout_exit));","        }","        // start server","        if (local.global.utility2_serverHttp1) {","            break;","        }","        process.env.PORT = process.env.PORT || '8081';","        console.error('server starting on port ' + process.env.PORT);","        local.http.createServer(function (request, response) {","            request.urlParsed = local.url.parse(request.url);","            if (local.assetsDict[request.urlParsed.pathname] !== undefined) {","                response.end(local.assetsDict[request.urlParsed.pathname]);","                return;","            }","            response.statusCode = 404;","            response.end();","        }).listen(process.env.PORT);","        break;","    }","}());",""],"l":{"26":2,"28":2,"33":2,"35":2,"37":2,"38":2,"39":2,"44":1,"51":2,"55":2,"59":2,"61":2,"69":1,"70":2,"76":2,"79":2,"82":2,"83":2,"85":1,"89":2,"92":1,"93":1,"94":1,"96":1,"97":1,"100":1,"101":1,"103":1,"106":1,"108":2,"114":1,"116":1,"118":1,"123":1,"124":2,"125":2,"126":3,"127":3,"128":3,"129":3,"130":1,"133":3,"134":3,"139":3,"143":1,"144":3,"145":1,"149":1,"150":1,"158":1,"160":1,"161":1,"162":1,"164":1,"166":1,"258":1,"259":1,"271":1,"274":6,"275":6,"277":1,"279":2,"281":1,"283":2,"288":1,"289":1,"291":1,"296":1,"303":1,"306":1,"307":1,"310":1,"311":1,"313":1,"314":1,"315":1,"316":1,"317":1,"318":1,"319":1,"321":1,"322":1,"324":1}},"/home/travis/build/npmtest/node-npmtest-netbeast-cli/node_modules/netbeast-cli/electron.js":{"path":"/home/travis/build/npmtest/node-npmtest-netbeast-cli/node_modules/netbeast-cli/electron.js","s":{"1":2,"2":2,"3":2,"4":2,"5":2,"6":0,"7":0,"8":0,"9":0,"10":0,"11":0,"12":0,"13":0,"14":0,"15":0,"16":0,"17":0,"18":0,"19":0,"20":0,"21":0,"22":0,"23":0,"24":0,"25":0,"26":0,"27":0,"28":0,"29":0},"b":{"1":[0,0],"2":[0,0]},"f":{"1":0,"2":0,"3":0,"4":0,"5":0,"6":0},"fnMap":{"1":{"name":"(anonymous_1)","line":15,"loc":{"start":{"line":15,"column":20},"end":{"line":15,"column":31}}},"2":{"name":"(anonymous_2)","line":19,"loc":{"start":{"line":19,"column":26},"end":{"line":19,"column":37}}},"3":{"name":"(anonymous_3)","line":24,"loc":{"start":{"line":24,"column":23},"end":{"line":24,"column":35}}},"4":{"name":"(anonymous_4)","line":31,"loc":{"start":{"line":31,"column":32},"end":{"line":31,"column":44}}},"5":{"name":"(anonymous_5)","line":38,"loc":{"start":{"line":38,"column":24},"end":{"line":38,"column":39}}},"6":{"name":"(anonymous_6)","line":44,"loc":{"start":{"line":44,"column":19},"end":{"line":44,"column":31}}}},"statementMap":{"1":{"start":{"line":3,"column":0},"end":{"line":3,"column":40}},"2":{"start":{"line":4,"column":0},"end":{"line":4,"column":26}},"3":{"start":{"line":6,"column":0},"end":{"line":6,"column":21}},"4":{"start":{"line":7,"column":0},"end":{"line":7,"column":18}},"5":{"start":{"line":8,"column":0},"end":{"line":8,"column":36}},"6":{"start":{"line":9,"column":0},"end":{"line":9,"column":28}},"7":{"start":{"line":10,"column":0},"end":{"line":10,"column":44}},"8":{"start":{"line":12,"column":0},"end":{"line":12,"column":50}},"9":{"start":{"line":13,"column":0},"end":{"line":13,"column":29}},"10":{"start":{"line":15,"column":0},"end":{"line":22,"column":2}},"11":{"start":{"line":16,"column":2},"end":{"line":16,"column":99}},"12":{"start":{"line":17,"column":2},"end":{"line":17,"column":79}},"13":{"start":{"line":18,"column":2},"end":{"line":18,"column":29}},"14":{"start":{"line":19,"column":2},"end":{"line":21,"column":4}},"15":{"start":{"line":20,"column":6},"end":{"line":20,"column":24}},"16":{"start":{"line":24,"column":0},"end":{"line":29,"column":2}},"17":{"start":{"line":25,"column":4},"end":{"line":28,"column":5}},"18":{"start":{"line":26,"column":6},"end":{"line":26,"column":93}},"19":{"start":{"line":27,"column":6},"end":{"line":27,"column":33}},"20":{"start":{"line":31,"column":0},"end":{"line":36,"column":2}},"21":{"start":{"line":32,"column":4},"end":{"line":34,"column":5}},"22":{"start":{"line":33,"column":5},"end":{"line":33,"column":19}},"23":{"start":{"line":35,"column":4},"end":{"line":35,"column":22}},"24":{"start":{"line":38,"column":0},"end":{"line":42,"column":2}},"25":{"start":{"line":39,"column":3},"end":{"line":39,"column":20}},"26":{"start":{"line":40,"column":3},"end":{"line":40,"column":36}},"27":{"start":{"line":41,"column":3},"end":{"line":41,"column":30}},"28":{"start":{"line":44,"column":0},"end":{"line":46,"column":2}},"29":{"start":{"line":45,"column":1},"end":{"line":45,"column":17}}},"branchMap":{"1":{"line":25,"type":"if","locations":[{"start":{"line":25,"column":4},"end":{"line":25,"column":4}},{"start":{"line":25,"column":4},"end":{"line":25,"column":4}}]},"2":{"line":32,"type":"if","locations":[{"start":{"line":32,"column":4},"end":{"line":32,"column":4}},{"start":{"line":32,"column":4},"end":{"line":32,"column":4}}]}},"code":["//#!/usr/bin/env node","","var fork = require('child_process').fork","var path = require('path')","//Electron","var mainWindow = null","var mainURL = null","const electron = require('electron')","const elecApp = electron.app","const BrowserWindow = electron.BrowserWindow","","const indexJs = path.join(__dirname, './index.js')","var dashboard = fork(indexJs)","","elecApp.on('ready', function() {","  mainWindow = new BrowserWindow({width: 1000, height: 800, title: 'Netbeast Dashboard | Loading'})","  mainURL = path.join('file://' + __dirname + '/electron/loading/loading.html')","  mainWindow.loadURL(mainURL)","  mainWindow.on('closed', function() {","      mainWindow = null;","  })","})","","elecApp.on('activate', function () {","    if (mainWindow === null) {","      mainWindow = new BrowserWindow({width: 1000, height: 800, title: 'Netbeast Dashboard'})","      mainWindow.loadURL(mainURL)","    }","})","","elecApp.on('window-all-closed', function () {","    if (process.platform !== 'darwin') {","     elecApp.quit()","    }","    mainWindow = null;","})","","dashboard.on('message', function(data) {","   console.log(data)","   mainURL = 'http://localhost:8000'","   mainWindow.loadURL(mainURL)","})","","process.on('exit', function () {","\tdashboard.kill()","})"],"l":{"3":2,"4":2,"6":2,"7":2,"8":2,"9":0,"10":0,"12":0,"13":0,"15":0,"16":0,"17":0,"18":0,"19":0,"20":0,"24":0,"25":0,"26":0,"27":0,"31":0,"32":0,"33":0,"35":0,"38":0,"39":0,"40":0,"41":0,"44":0,"45":0}},"/home/travis/build/npmtest/node-npmtest-netbeast-cli/node_modules/netbeast-cli/gulpfile.js":{"path":"/home/travis/build/npmtest/node-npmtest-netbeast-cli/node_modules/netbeast-cli/gulpfile.js","s":{"1":2,"2":2,"3":0,"4":0,"5":0,"6":0,"7":0,"8":0,"9":0,"10":0,"11":0,"12":0,"13":0,"14":0,"15":0,"16":0,"17":0,"18":0,"19":0,"20":0,"21":0,"22":0,"23":0,"24":0,"25":0,"26":0,"27":0,"28":0,"29":0,"30":0,"31":0,"32":0,"33":0,"34":0,"35":0,"36":0,"37":0,"38":0,"39":0,"40":0,"41":0,"42":0,"43":0,"44":0,"45":0,"46":1,"47":0,"48":0,"49":0},"b":{},"f":{"1":0,"2":0,"3":0,"4":0,"5":0,"6":0,"7":0,"8":0,"9":0,"10":0,"11":0,"12":0,"13":0,"14":0,"15":0,"16":0,"17":0,"18":0,"19":0},"fnMap":{"1":{"name":"(anonymous_1)","line":15,"loc":{"start":{"line":15,"column":44},"end":{"line":15,"column":56}}},"2":{"name":"(anonymous_2)","line":20,"loc":{"start":{"line":20,"column":19},"end":{"line":20,"column":31}}},"3":{"name":"(anonymous_3)","line":29,"loc":{"start":{"line":29,"column":22},"end":{"line":29,"column":34}}},"4":{"name":"(anonymous_4)","line":35,"loc":{"start":{"line":35,"column":48},"end":{"line":35,"column":60}}},"5":{"name":"(anonymous_5)","line":42,"loc":{"start":{"line":42,"column":15},"end":{"line":42,"column":27}}},"6":{"name":"(anonymous_6)","line":43,"loc":{"start":{"line":43,"column":23},"end":{"line":43,"column":35}}},"7":{"name":"(anonymous_7)","line":46,"loc":{"start":{"line":46,"column":17},"end":{"line":46,"column":29}}},"8":{"name":"(anonymous_8)","line":47,"loc":{"start":{"line":47,"column":23},"end":{"line":47,"column":35}}},"9":{"name":"(anonymous_9)","line":52,"loc":{"start":{"line":52,"column":32},"end":{"line":52,"column":44}}},"10":{"name":"(anonymous_10)","line":58,"loc":{"start":{"line":58,"column":15},"end":{"line":58,"column":27}}},"11":{"name":"(anonymous_11)","line":59,"loc":{"start":{"line":59,"column":23},"end":{"line":59,"column":35}}},"12":{"name":"(anonymous_12)","line":62,"loc":{"start":{"line":62,"column":17},"end":{"line":62,"column":29}}},"13":{"name":"(anonymous_13)","line":63,"loc":{"start":{"line":63,"column":23},"end":{"line":63,"column":35}}},"14":{"name":"(anonymous_14)","line":70,"loc":{"start":{"line":70,"column":18},"end":{"line":70,"column":30}}},"15":{"name":"(anonymous_15)","line":82,"loc":{"start":{"line":82,"column":22},"end":{"line":82,"column":34}}},"16":{"name":"(anonymous_16)","line":92,"loc":{"start":{"line":92,"column":23},"end":{"line":92,"column":35}}},"17":{"name":"(anonymous_17)","line":96,"loc":{"start":{"line":96,"column":24},"end":{"line":96,"column":36}}},"18":{"name":"compile","line":107,"loc":{"start":{"line":107,"column":0},"end":{"line":107,"column":27}}},"19":{"name":"(anonymous_19)","line":109,"loc":{"start":{"line":109,"column":15},"end":{"line":109,"column":30}}}},"statementMap":{"1":{"start":{"line":1,"column":0},"end":{"line":1,"column":24}},"2":{"start":{"line":3,"column":0},"end":{"line":3,"column":26}},"3":{"start":{"line":4,"column":0},"end":{"line":4,"column":44}},"4":{"start":{"line":5,"column":0},"end":{"line":5,"column":43}},"5":{"start":{"line":6,"column":0},"end":{"line":6,"column":36}},"6":{"start":{"line":7,"column":0},"end":{"line":7,"column":38}},"7":{"start":{"line":8,"column":0},"end":{"line":8,"column":34}},"8":{"start":{"line":10,"column":0},"end":{"line":10,"column":10}},"9":{"start":{"line":12,"column":0},"end":{"line":12,"column":40}},"10":{"start":{"line":13,"column":0},"end":{"line":13,"column":38}},"11":{"start":{"line":15,"column":0},"end":{"line":18,"column":2}},"12":{"start":{"line":16,"column":2},"end":{"line":16,"column":29}},"13":{"start":{"line":17,"column":2},"end":{"line":17,"column":48}},"14":{"start":{"line":20,"column":0},"end":{"line":25,"column":2}},"15":{"start":{"line":21,"column":2},"end":{"line":24,"column":4}},"16":{"start":{"line":27,"column":0},"end":{"line":27,"column":64}},"17":{"start":{"line":29,"column":0},"end":{"line":33,"column":2}},"18":{"start":{"line":30,"column":2},"end":{"line":32,"column":39}},"19":{"start":{"line":35,"column":0},"end":{"line":50,"column":2}},"20":{"start":{"line":37,"column":2},"end":{"line":49,"column":4}},"21":{"start":{"line":43,"column":4},"end":{"line":43,"column":55}},"22":{"start":{"line":43,"column":37},"end":{"line":43,"column":53}},"23":{"start":{"line":44,"column":4},"end":{"line":44,"column":18}},"24":{"start":{"line":47,"column":4},"end":{"line":47,"column":55}},"25":{"start":{"line":47,"column":37},"end":{"line":47,"column":53}},"26":{"start":{"line":48,"column":4},"end":{"line":48,"column":18}},"27":{"start":{"line":52,"column":0},"end":{"line":66,"column":2}},"28":{"start":{"line":54,"column":2},"end":{"line":65,"column":4}},"29":{"start":{"line":59,"column":4},"end":{"line":59,"column":55}},"30":{"start":{"line":59,"column":37},"end":{"line":59,"column":53}},"31":{"start":{"line":60,"column":4},"end":{"line":60,"column":18}},"32":{"start":{"line":63,"column":4},"end":{"line":63,"column":55}},"33":{"start":{"line":63,"column":37},"end":{"line":63,"column":53}},"34":{"start":{"line":64,"column":4},"end":{"line":64,"column":18}},"35":{"start":{"line":68,"column":0},"end":{"line":68,"column":42}},"36":{"start":{"line":70,"column":0},"end":{"line":80,"column":2}},"37":{"start":{"line":71,"column":2},"end":{"line":79,"column":29}},"38":{"start":{"line":82,"column":0},"end":{"line":94,"column":2}},"39":{"start":{"line":84,"column":2},"end":{"line":90,"column":22}},"40":{"start":{"line":92,"column":2},"end":{"line":92,"column":56}},"41":{"start":{"line":92,"column":37},"end":{"line":92,"column":54}},"42":{"start":{"line":93,"column":2},"end":{"line":93,"column":25}},"43":{"start":{"line":96,"column":0},"end":{"line":105,"column":2}},"44":{"start":{"line":98,"column":2},"end":{"line":102,"column":22}},"45":{"start":{"line":104,"column":2},"end":{"line":104,"column":25}},"46":{"start":{"line":107,"column":0},"end":{"line":119,"column":1}},"47":{"start":{"line":108,"column":2},"end":{"line":118,"column":29}},"48":{"start":{"line":110,"column":4},"end":{"line":110,"column":30}},"49":{"start":{"line":111,"column":4},"end":{"line":111,"column":20}}},"branchMap":{},"code":["require('dotenv').load()","","var gulp = require('gulp')","var plugins = require('gulp-load-plugins')()","var source = require('vinyl-source-stream')","var buffer = require('vinyl-buffer')","var browserify = require('browserify')","var watchify = require('watchify')","","var bgTask","","var manifest = require('./package.json')","process.env.VERSION = manifest.version","","gulp.task('default', ['serve', 'watchify'], function () {","  plugins.livereload.listen()","  gulp.watch('./public/styles/*.scss', ['sass'])","})","","gulp.task('serve', function () {","  plugins.nodemon({","    script: './index.js',","    watch: ['./index.js', 'src']","  })","})","","gulp.task('start-bg', bgTask = plugins.bg('node', './index.js'))","","gulp.task('pre-test', function () {","  return gulp.src(['./test/**/*.js'])","  .pipe(plugins.istanbul())","  .pipe(plugins.istanbul.hookRequire())","})","","gulp.task('coverage', ['start-bg', 'pre-test'], function () {","  // make test","  return gulp.src(['./test/**/*.js'], { read: false })","  .pipe(plugins.wait(3000))","  .pipe(plugins.mocha({reporter: 'spec', bail: true}))","  .pipe(gulp.dest(''))","  .pipe(plugins.istanbul.writeReports({ dir: './test/coverage' }))","  .once('end', function () {","    bgTask.setCallback(function () { process.exit(0) })","    bgTask.stop(0)","  })","  .once('error', function () {","    bgTask.setCallback(function () { process.exit(0) })","    bgTask.stop(0)","  })","})","","gulp.task('test', ['start-bg'], function () {","  // make test","  return gulp.src(['./test/**/*.js'], { read: false })","  .pipe(plugins.wait(3000))","  .pipe(plugins.mocha({ reporter: 'spec', bail: true }))","  .pipe(gulp.dest(''))","  .once('end', function () {","    bgTask.setCallback(function () { process.exit(0) })","    bgTask.stop(0)","  })","  .once('error', function () {","    bgTask.setCallback(function () { process.exit(0) })","    bgTask.stop(0)","  })","})","","gulp.task('build', ['sass', 'browserify'])","","gulp.task('sass', function () {","  gulp.src('./public/styles/style.scss')","  .pipe(plugins.plumber())","  .pipe(plugins.sourcemaps.init())","  .pipe(plugins.sass())","  .pipe(plugins.autoprefixer())","  .pipe(plugins.cssnano())","  .pipe(plugins.sourcemaps.write('./'))","  .pipe(gulp.dest('./public/dist'))","  .pipe(plugins.livereload())","})","","gulp.task('watchify', function () {","  // set up the browserify instance on a task basis","  var bundler = watchify(","    browserify({","      entries: './public/components/index.jsx',","      debug: true","    })","  ).transform('babelify', { presets: ['es2015', 'react'] })","  .transform('envify')","","  bundler.on('update', function () { compile(bundler) })","  return compile(bundler)","})","","gulp.task('browserify', function () {","  // set up the browserify instance on a task basis","  var bundler = browserify({","    entries: './public/components/index.jsx',","    debug: true","  }).transform('babelify', { presets: ['es2015', 'react'] })","  .transform('envify')","","  return compile(bundler)","})","","function compile (bundler) {","  return bundler.bundle()","  .on('error', function (err) {","    console.error(err.message)","    this.emit('end')","  })","  .pipe(source('bundle.js'))","  .pipe(buffer())","  .pipe(plugins.sourcemaps.init({ loadMaps: true }))","  .pipe(plugins.sourcemaps.write('./'))","  .pipe(gulp.dest('./public/dist'))","  .pipe(plugins.livereload())","}",""],"l":{"1":2,"3":2,"4":0,"5":0,"6":0,"7":0,"8":0,"10":0,"12":0,"13":0,"15":0,"16":0,"17":0,"20":0,"21":0,"27":0,"29":0,"30":0,"35":0,"37":0,"43":0,"44":0,"47":0,"48":0,"52":0,"54":0,"59":0,"60":0,"63":0,"64":0,"68":0,"70":0,"71":0,"82":0,"84":0,"92":0,"93":0,"96":0,"98":0,"104":0,"107":1,"108":0,"110":0,"111":0}},"/home/travis/build/npmtest/node-npmtest-netbeast-cli/node_modules/netbeast-cli/lib/api.js":{"path":"/home/travis/build/npmtest/node-npmtest-netbeast-cli/node_modules/netbeast-cli/lib/api.js","s":{"1":1,"2":1,"3":0,"4":0,"5":0,"6":0,"7":0,"8":0,"9":0,"10":0,"11":0,"12":0,"13":0,"14":0,"15":0,"16":0,"17":0,"18":0,"19":0,"20":0,"21":0,"22":0,"23":0,"24":0,"25":0,"26":0},"b":{"1":[0,0],"2":[0,0],"3":[0,0],"4":[0,0],"5":[0,0]},"f":{"1":0,"2":0,"3":0,"4":0,"5":0,"6":0,"7":0,"8":0,"9":0},"fnMap":{"1":{"name":"(anonymous_1)","line":4,"loc":{"start":{"line":4,"column":11},"end":{"line":4,"column":26}}},"2":{"name":"(anonymous_2)","line":6,"loc":{"start":{"line":6,"column":21},"end":{"line":6,"column":48}}},"3":{"name":"(anonymous_3)","line":9,"loc":{"start":{"line":9,"column":26},"end":{"line":9,"column":53}}},"4":{"name":"(anonymous_4)","line":15,"loc":{"start":{"line":15,"column":8},"end":{"line":15,"column":23}}},"5":{"name":"(anonymous_5)","line":17,"loc":{"start":{"line":17,"column":21},"end":{"line":17,"column":48}}},"6":{"name":"(anonymous_6)","line":22,"loc":{"start":{"line":22,"column":10},"end":{"line":22,"column":25}}},"7":{"name":"(anonymous_7)","line":25,"loc":{"start":{"line":25,"column":22},"end":{"line":25,"column":49}}},"8":{"name":"(anonymous_8)","line":30,"loc":{"start":{"line":30,"column":13},"end":{"line":30,"column":28}}},"9":{"name":"(anonymous_9)","line":34,"loc":{"start":{"line":34,"column":21},"end":{"line":34,"column":48}}}},"statementMap":{"1":{"start":{"line":1,"column":0},"end":{"line":1,"column":35}},"2":{"start":{"line":3,"column":0},"end":{"line":39,"column":1}},"3":{"start":{"line":5,"column":4},"end":{"line":5,"column":79}},"4":{"start":{"line":6,"column":4},"end":{"line":13,"column":6}},"5":{"start":{"line":7,"column":6},"end":{"line":7,"column":24}},"6":{"start":{"line":7,"column":15},"end":{"line":7,"column":24}},"7":{"start":{"line":9,"column":8},"end":{"line":12,"column":10}},"8":{"start":{"line":10,"column":10},"end":{"line":10,"column":28}},"9":{"start":{"line":10,"column":19},"end":{"line":10,"column":28}},"10":{"start":{"line":11,"column":12},"end":{"line":11,"column":32}},"11":{"start":{"line":16,"column":4},"end":{"line":16,"column":79}},"12":{"start":{"line":17,"column":4},"end":{"line":20,"column":6}},"13":{"start":{"line":18,"column":6},"end":{"line":18,"column":24}},"14":{"start":{"line":18,"column":15},"end":{"line":18,"column":24}},"15":{"start":{"line":19,"column":8},"end":{"line":19,"column":28}},"16":{"start":{"line":23,"column":4},"end":{"line":23,"column":79}},"17":{"start":{"line":25,"column":4},"end":{"line":28,"column":6}},"18":{"start":{"line":26,"column":6},"end":{"line":26,"column":24}},"19":{"start":{"line":26,"column":15},"end":{"line":26,"column":24}},"20":{"start":{"line":27,"column":8},"end":{"line":27,"column":28}},"21":{"start":{"line":31,"column":4},"end":{"line":31,"column":50}},"22":{"start":{"line":33,"column":4},"end":{"line":33,"column":73}},"23":{"start":{"line":34,"column":4},"end":{"line":37,"column":6}},"24":{"start":{"line":35,"column":6},"end":{"line":35,"column":24}},"25":{"start":{"line":35,"column":15},"end":{"line":35,"column":24}},"26":{"start":{"line":36,"column":8},"end":{"line":36,"column":75}}},"branchMap":{"1":{"line":7,"type":"if","locations":[{"start":{"line":7,"column":6},"end":{"line":7,"column":6}},{"start":{"line":7,"column":6},"end":{"line":7,"column":6}}]},"2":{"line":10,"type":"if","locations":[{"start":{"line":10,"column":10},"end":{"line":10,"column":10}},{"start":{"line":10,"column":10},"end":{"line":10,"column":10}}]},"3":{"line":18,"type":"if","locations":[{"start":{"line":18,"column":6},"end":{"line":18,"column":6}},{"start":{"line":18,"column":6},"end":{"line":18,"column":6}}]},"4":{"line":26,"type":"if","locations":[{"start":{"line":26,"column":6},"end":{"line":26,"column":6}},{"start":{"line":26,"column":6},"end":{"line":26,"column":6}}]},"5":{"line":35,"type":"if","locations":[{"start":{"line":35,"column":6},"end":{"line":35,"column":6}},{"start":{"line":35,"column":6},"end":{"line":35,"column":6}}]}},"code":["var request = require('superagent')","","module.exports = {","  restart: function (app) {","    var url = 'http://' + 'localhost' + ':' + '8000' + '/api/activities/' + app","    request.del(url, function (err, resp, body) {","      if (err) throw err","","        request.post(url, function (err, resp, body) {","          if (err) throw err","            console.log('Done.')","        })","    })","  },","  stop: function (app) {","    var url = 'http://' + 'localhost' + ':' + '8000' + '/api/activities/' + app","    request.del(url, function (err, resp, body) {","      if (err) throw err","        console.log('Done.')","    })","  },","  launch: function (app) {","    var url = 'http://' + 'localhost' + ':' + '8000' + '/api/activities/' + app","","    request.post(url, function (err, resp, body) {","      if (err) throw err","        console.log('Done.')","    })","  },","  uninstall: function (app) {","    console.log('Uninstalling app ' + app + '...')","","    var url = 'http://' + 'localhost' + ':' + '8000' + '/api/apps/' + app","    request.del(url, function (err, resp, body) {","      if (err) throw err","        console.log('%s responded code %s\\n%s', url, resp.statusCode, body)","    })","  }","}"],"l":{"1":1,"3":1,"5":0,"6":0,"7":0,"9":0,"10":0,"11":0,"16":0,"17":0,"18":0,"19":0,"23":0,"25":0,"26":0,"27":0,"31":0,"33":0,"34":0,"35":0,"36":0}},"/home/travis/build/npmtest/node-npmtest-netbeast-cli/node_modules/netbeast-cli/lib/app.js":{"path":"/home/travis/build/npmtest/node-npmtest-netbeast-cli/node_modules/netbeast-cli/lib/app.js","s":{"1":1,"2":1,"3":1,"4":1,"5":0,"6":0,"7":1,"8":1,"9":1,"10":1,"11":1,"12":0,"13":0,"14":0,"15":0,"16":0,"17":0,"18":0,"19":0,"20":0,"21":0,"22":0,"23":0,"24":0,"25":1,"26":0,"27":0,"28":0,"29":1,"30":0,"31":0,"32":0,"33":1},"b":{"1":[0,0],"2":[0,0],"3":[0,0]},"f":{"1":0,"2":0,"3":0,"4":0},"fnMap":{"1":{"name":"App","line":11,"loc":{"start":{"line":11,"column":0},"end":{"line":11,"column":20}}},"2":{"name":"(anonymous_2)","line":23,"loc":{"start":{"line":23,"column":13},"end":{"line":23,"column":41}}},"3":{"name":"_quitIfExists","line":42,"loc":{"start":{"line":42,"column":0},"end":{"line":42,"column":30}}},"4":{"name":"_quitIfNotExists","line":49,"loc":{"start":{"line":49,"column":0},"end":{"line":49,"column":33}}}},"statementMap":{"1":{"start":{"line":5,"column":0},"end":{"line":5,"column":26}},"2":{"start":{"line":7,"column":0},"end":{"line":7,"column":28}},"3":{"start":{"line":9,"column":0},"end":{"line":9,"column":8}},"4":{"start":{"line":11,"column":0},"end":{"line":14,"column":1}},"5":{"start":{"line":12,"column":2},"end":{"line":12,"column":13}},"6":{"start":{"line":13,"column":2},"end":{"line":13,"column":18}},"7":{"start":{"line":16,"column":0},"end":{"line":16,"column":57}},"8":{"start":{"line":17,"column":0},"end":{"line":17,"column":63}},"9":{"start":{"line":18,"column":0},"end":{"line":18,"column":33}},"10":{"start":{"line":21,"column":0},"end":{"line":21,"column":31}},"11":{"start":{"line":23,"column":0},"end":{"line":40,"column":1}},"12":{"start":{"line":24,"column":2},"end":{"line":24,"column":24}},"13":{"start":{"line":26,"column":2},"end":{"line":26,"column":51}},"14":{"start":{"line":27,"column":2},"end":{"line":27,"column":55}},"15":{"start":{"line":29,"column":2},"end":{"line":29,"column":60}},"16":{"start":{"line":31,"column":2},"end":{"line":31,"column":48}},"17":{"start":{"line":32,"column":2},"end":{"line":32,"column":34}},"18":{"start":{"line":33,"column":2},"end":{"line":33,"column":41}},"19":{"start":{"line":34,"column":2},"end":{"line":34,"column":24}},"20":{"start":{"line":35,"column":2},"end":{"line":35,"column":37}},"21":{"start":{"line":36,"column":2},"end":{"line":36,"column":44}},"22":{"start":{"line":37,"column":2},"end":{"line":37,"column":67}},"23":{"start":{"line":38,"column":2},"end":{"line":38,"column":37}},"24":{"start":{"line":39,"column":2},"end":{"line":39,"column":34}},"25":{"start":{"line":42,"column":0},"end":{"line":47,"column":1}},"26":{"start":{"line":43,"column":2},"end":{"line":46,"column":3}},"27":{"start":{"line":44,"column":4},"end":{"line":44,"column":51}},"28":{"start":{"line":45,"column":4},"end":{"line":45,"column":19}},"29":{"start":{"line":49,"column":0},"end":{"line":54,"column":1}},"30":{"start":{"line":50,"column":2},"end":{"line":53,"column":3}},"31":{"start":{"line":51,"column":4},"end":{"line":51,"column":52}},"32":{"start":{"line":52,"column":4},"end":{"line":52,"column":19}},"33":{"start":{"line":56,"column":0},"end":{"line":56,"column":20}}},"branchMap":{"1":{"line":29,"type":"cond-expr","locations":[{"start":{"line":29,"column":34},"end":{"line":29,"column":47}},{"start":{"line":29,"column":50},"end":{"line":29,"column":60}}]},"2":{"line":43,"type":"if","locations":[{"start":{"line":43,"column":2},"end":{"line":43,"column":2}},{"start":{"line":43,"column":2},"end":{"line":43,"column":2}}]},"3":{"line":50,"type":"if","locations":[{"start":{"line":50,"column":2},"end":{"line":50,"column":2}},{"start":{"line":50,"column":2},"end":{"line":50,"column":2}}]}},"code":["// Netbeast App model","// by jesusdario","// CTO @ NetBeast","","var path = require('path')","","var fs = require('fs-extra')","","var self","/* Application constructor */","function App (name) {","  self = this","  self.name = name","}","","const APP_BUNDLE = __dirname + '/../bin/bundles/base-app'","const PLUGIN_BUNDLE = __dirname + '/../bin/bundles/base-plugin'","const CURRENT_DIR = process.cwd()","","/* Non-static methods and properties */","App.prototype.constructor = App","","App.create = function (appName, options) {","  _quitIfExists(appName)","","  var destination = path.join(CURRENT_DIR, appName)","  var destJson = path.join(destination, 'package.json')","","  var bundle = (options.plugin) ? PLUGIN_BUNDLE : APP_BUNDLE","","  console.log(\"> Creating app '%s'...\", appName)","  fs.copySync(bundle, destination)","  var pkgJson = fs.readJsonSync(destJson)","  pkgJson.name = appName","  fs.writeJsonSync(destJson, pkgJson)","  console.log('> The extraction has ended!')","  console.log('> You may want to install app dependences. Type:\\n')","  console.log('\\t cd ./%s;', appName)","  console.log('\\t npm install;\\n')","}","","function _quitIfExists (file) {","  if (fs.existsSync(file)) {","    console.log(\"> Path '%s' already exists\", file)","    process.exit(0)","  }","}","","function _quitIfNotExists (file) {","  if (!fs.existsSync(file)) {","    console.log(\"> Path '%s' does not exists\", file)","    process.exit(0)","  }","}","","module.exports = App",""],"l":{"5":1,"7":1,"9":1,"11":1,"12":0,"13":0,"16":1,"17":1,"18":1,"21":1,"23":1,"24":0,"26":0,"27":0,"29":0,"31":0,"32":0,"33":0,"34":0,"35":0,"36":0,"37":0,"38":0,"39":0,"42":1,"43":0,"44":0,"45":0,"49":1,"50":0,"51":0,"52":0,"56":1}},"/home/travis/build/npmtest/node-npmtest-netbeast-cli/node_modules/netbeast-cli/lib/init.js":{"path":"/home/travis/build/npmtest/node-npmtest-netbeast-cli/node_modules/netbeast-cli/lib/init.js","s":{"1":1,"2":1,"3":1,"4":1,"5":1,"6":2,"7":2,"8":2,"9":1,"10":1},"b":{"1":[1,1],"2":[2,2]},"f":{},"fnMap":{},"statementMap":{"1":{"start":{"line":3,"column":0},"end":{"line":3,"column":57}},"2":{"start":{"line":5,"column":0},"end":{"line":5,"column":22}},"3":{"start":{"line":7,"column":0},"end":{"line":7,"column":39}},"4":{"start":{"line":8,"column":0},"end":{"line":8,"column":18}},"5":{"start":{"line":9,"column":0},"end":{"line":16,"column":1}},"6":{"start":{"line":10,"column":2},"end":{"line":15,"column":3}},"7":{"start":{"line":11,"column":4},"end":{"line":11,"column":34}},"8":{"start":{"line":12,"column":4},"end":{"line":14,"column":5}},"9":{"start":{"line":13,"column":6},"end":{"line":13,"column":37}},"10":{"start":{"line":18,"column":0},"end":{"line":18,"column":37}}},"branchMap":{"1":{"line":12,"type":"if","locations":[{"start":{"line":12,"column":4},"end":{"line":12,"column":4}},{"start":{"line":12,"column":4},"end":{"line":12,"column":4}}]},"2":{"line":12,"type":"binary-expr","locations":[{"start":{"line":12,"column":8},"end":{"line":12,"column":33}},{"start":{"line":12,"column":37},"end":{"line":12,"column":54}}]}},"code":["","// Load environment variables","require('dotenv').config({ path: __dirname + '/../.env'})","","var os = require('os')","","var interfaces = os.networkInterfaces()","var addresses = []","for (var i in interfaces) {","  for (var j in interfaces[i]) {","    var address = interfaces[i][j]","    if (address.family === 'IPv4' && !address.internal) {","      addresses.push(address.address)","    }","  }","}","","process.env.IPs = addresses.join(',')",""],"l":{"3":1,"5":1,"7":1,"8":1,"9":1,"10":2,"11":2,"12":2,"13":1,"18":1}},"/home/travis/build/npmtest/node-npmtest-netbeast-cli/node_modules/netbeast-cli/lib/publish.js":{"path":"/home/travis/build/npmtest/node-npmtest-netbeast-cli/node_modules/netbeast-cli/lib/publish.js","s":{},"b":{},"f":{},"fnMap":{},"statementMap":{},"branchMap":{},"code":["// var Promise = require('bluebird')","// var request = require('superagent-bluebird-promise')","// var fs = require('fs')","// var sha1 = require('sha1')","// var inquirer = require('inquirer')","// var Spinner = require('cli-spinner').Spinner","// var validateApp = require('./util/validate-app')","// var nconf = require('nconf')","//","// nconf.file('.nconf')","//","// module.exports = function (app) {","//   if (!validateApp(app)) {","//     return console.error('Invalid file type. Must be a tar.gz')","//   }","//","//   var login = 'https://netbeast.co/api/login'","//   var push = 'https://netbeast.co/api/apps'","//   var cookies = request.jar()","//   var spinner // loading icon","//","//   var questions = [{","//     name: 'email',","//     message: 'Type your netbeast account email',","//     type: 'type'","//   }, {","//     name: 'password',","//     message: 'Type your netbeast account password',","//     type: 'password',","//     filter: sha1","//   }]","//","//   Promise.all([","//     function (callback) {","//       if (nconf.get('answers')) {","//         Promise.resolve(nconf.get('answers'))","//       } else {","//         inquirer.prompt(questions, function (answers) {","//           nconf.set('answers', answers)","//           Promise.resolve(answers)","//         })","//       }","//     },","//     function (answers) {","//       request.post(login).send(answers).end(function (err, resp){","//         if (resp.statusCode !== 200) {","//           return console.log('Login incorrect')","//         }","//","//         // save user email and pass","//         nconf.save(function (err) {","//           if (err) throw err","//         })","//       })","//     },","//     function ()","//","//       // loading symbol","//       spinner = new Spinner('Pushing app to market... %s')","//       spinner.setSpinnerString('|/-\\\\')","//       spinner.start()","// ","//       // pushing app","//       var req = request.post({url: push, jar: cookies}, callback)","//       var form = req.form()","//       form.append('file'
[...]
"26":1,"27":0,"28":1,"29":0,"30":0,"31":0,"32":0,"33":0,"34":1,"35":0,"36":0,"37":0,"38":0,"39":0,"40":0,"41":0,"42":0,"43":0,"44":1,"45":0,"46":0,"47":0,"48":0,"49":0,"50":0,"51":1,"52":0,"53":0,"54":0,"55":0,"56":0,"57":0,"58":1,"59":0,"60":0,"61":0,"62":0,"63":1,"64":0,"65":0,"66":0,"67":0,"68":0,"69":0,"70":0,"71":0,"72":0,"73":0,"74":0,"75":0,"76":0,"77":0,"78":1},"b":{"1":[0,1],"2":[0,0],"3":[0,0],"4":[0,0],"5":[0,0],"6":[0,0],"7":[0,0],"8":[0,0],"9":[0,0],"10":[0,0],"11":[0,0],"12":[0,0],"13":[0,0],"14":[0,0],"15":[0,0],"16":[0,0],"17":[0,0],"18":[0,0]},"f":{"1":1,"2":0,"3":0,"4":0,"5":0,"6":0,"7":0,"8":0,"9":0,"10":0,"11":0,"12":0,"13":0,"14":0,"15":0,"16":0,"17":0,"18":0,"19":0,"20":0},"fnMap":{"1":{"name":"(anonymous_1)","line":13,"loc":{"start":{"line":13,"column":19},"end":{"line":13,"column":40}}},"2":{"name":"Resource","line":17,"loc":{"start":{"line":17,"column":0},"end":{"line":17,"column":25}}},"3":{"name":"(anonymous_3)","line":34,"loc":{"start":{"line":34,"column":18},"end":{"line":34,"column":40}}},"4":{"name":"(anonymous_4)","line":38,"loc":{"start":{"line":38,"column":29},"end":{"line":38,"column":45}}},"5":{"name":"(anonymous_5)","line":39,"loc":{"start":{"line":39,"column":31},"end":{"line":39,"column":46}}},"6":{"name":"(anonymous_6)","line":46,"loc":{"start":{"line":46,"column":16},"end":{"line":46,"column":39}}},"7":{"name":"(anonymous_7)","line":48,"loc":{"start":{"line":48,"column":27},"end":{"line":48,"column":47}}},"8":{"name":"(anonymous_8)","line":52,"loc":{"start":{"line":52,"column":18},"end":{"line":52,"column":36}}},"9":{"name":"(anonymous_9)","line":60,"loc":{"start":{"line":60,"column":19},"end":{"line":60,"column":42}}},"10":{"name":"(anonymous_10)","line":61,"loc":{"start":{"line":61,"column":27},"end":{"line":61,"column":47}}},"11":{"name":"(anonymous_11)","line":69,"loc":{"start":{"line":69,"column":26},"end":{"line":69,"column":42}}},"12":{"name":"(anonymous_12)","line":79,"loc":{"start":{"line":79,"column":30},"end":{"line":79,"column":45}}},"13":{"name":"(anonymous_13)","line":86,"loc":{"start":{"line":86,"column":18},"end":{"line":86,"column":48}}},"14":{"name":"(anonymous_14)","line":87,"loc":{"start":{"line":87,"column":36},"end":{"line":87,"column":51}}},"15":{"name":"(anonymous_15)","line":94,"loc":{"start":{"line":94,"column":19},"end":{"line":94,"column":42}}},"16":{"name":"(anonymous_16)","line":95,"loc":{"start":{"line":95,"column":23},"end":{"line":95,"column":49}}},"17":{"name":"(anonymous_17)","line":103,"loc":{"start":{"line":103,"column":29},"end":{"line":103,"column":45}}},"18":{"name":"(anonymous_18)","line":104,"loc":{"start":{"line":104,"column":27},"end":{"line":104,"column":54}}},"19":{"name":"(anonymous_19)","line":105,"loc":{"start":{"line":105,"column":23},"end":{"line":105,"column":38}}},"20":{"name":"(anonymous_20)","line":110,"loc":{"start":{"line":110,"column":14},"end":{"line":110,"column":26}}}},"statementMap":{"1":{"start":{"line":1,"column":0},"end":{"line":1,"column":26}},"2":{"start":{"line":3,"column":0},"end":{"line":3,"column":33}},"3":{"start":{"line":4,"column":0},"end":{"line":4,"column":28}},"4":{"start":{"line":5,"column":0},"end":{"line":5,"column":25}},"5":{"start":{"line":7,"column":0},"end":{"line":7,"column":43}},"6":{"start":{"line":8,"column":0},"end":{"line":8,"column":43}},"7":{"start":{"line":10,"column":0},"end":{"line":10,"column":64}},"8":{"start":{"line":11,"column":0},"end":{"line":11,"column":71}},"9":{"start":{"line":13,"column":0},"end":{"line":15,"column":2}},"10":{"start":{"line":14,"column":2},"end":{"line":14,"column":20}},"11":{"start":{"line":14,"column":11},"end":{"line":14,"column":20}},"12":{"start":{"line":17,"column":0},"end":{"line":32,"column":1}},"13":{"start":{"line":19,"column":2},"end":{"line":19,"column":19}},"14":{"start":{"line":20,"column":2},"end":{"line":20,"column":25}},"15":{"start":{"line":21,"column":2},"end":{"line":21,"column":21}},"16":{"start":{"line":22,"column":2},"end":{"line":22,"column":31}},"17":{"start":{"line":23,"column":2},"end":{"line":23,"column":25}},"18":{"start":{"line":24,"column":2},"end":{"line":24,"column":33}},"19":{"start":{"line":25,"column":2},"end":{"line":25,"column":23}},"20":{"start":{"line":27,"column":2},"end":{"line":31,"column":83}},"21":{"start":{"line":28,"column":4},"end":{"line":28,"column":74}},"22":{"start":{"line":29,"column":4},"end":{"line":29,"column":52}},"23":{"start":{"line":29,"column":33},"end":{"line":29,"column":52}},"24":{"start":{"line":30,"column":4},"end":{"line":30,"column":50}},"25":{"start":{"line":30,"column":32},"end":{"line":30,"column":50}},"26":{"start":{"line":34,"column":0},"end":{"line":36,"column":1}},"27":{"start":{"line":35,"column":2},"end":{"line":35,"column":40}},"28":{"start":{"line":38,"column":0},"end":{"line":44,"column":1}},"29":{"start":{"line":39,"column":2},"end":{"line":43,"column":6}},"30":{"start":{"line":40,"column":4},"end":{"line":40,"column":29}},"31":{"start":{"line":40,"column":13},"end":{"line":40,"column":29}},"32":{"start":{"line":42,"column":6},"end":{"line":42,"column":55}},"33":{"start":{"line":42,"column":38},"end":{"line":42,"column":55}},"34":{"start":{"line":46,"column":0},"end":{"line":58,"column":1}},"35":{"start":{"line":47,"column":2},"end":{"line":47,"column":17}},"36":{"start":{"line":48,"column":2},"end":{"line":57,"column":6}},"37":{"start":{"line":49,"column":4},"end":{"line":49,"column":29}},"38":{"start":{"line":49,"column":13},"end":{"line":49,"column":29}},"39":{"start":{"line":50,"column":6},"end":{"line":50,"column":81}},"40":{"start":{"line":50,"column":26},"end":{"line":50,"column":81}},"41":{"start":{"line":52,"column":6},"end":{"line":54,"column":8}},"42":{"start":{"line":53,"column":8},"end":{"line":53,"column":41}},"43":{"start":{"line":56,"column":6},"end":{"line":56,"column":31}},"44":{"start":{"line":60,"column":0},"end":{"line":67,"column":1}},"45":{"start":{"line":61,"column":2},"end":{"line":66,"column":6}},"46":{"start":{"line":62,"column":4},"end":{"line":62,"column":29}},"47":{"start":{"line":62,"column":13},"end":{"line":62,"column":29}},"48":{"start":{"line":63,"column":6},"end":{"line":63,"column":81}},"49":{"start":{"line":63,"column":26},"end":{"line":63,"column":81}},"50":{"start":{"line":65,"column":8},"end":{"line":65,"column":60}},"51":{"start":{"line":69,"column":0},"end":{"line":84,"column":1}},"52":{"start":{"line":70,"column":2},"end":{"line":70,"column":17}},"53":{"start":{"line":71,"column":2},"end":{"line":78,"column":3}},"54":{"start":{"line":79,"column":2},"end":{"line":83,"column":4}},"55":{"start":{"line":80,"column":4},"end":{"line":80,"column":29}},"56":{"start":{"line":80,"column":13},"end":{"line":80,"column":29}},"57":{"start":{"line":82,"column":6},"end":{"line":82,"column":45}},"58":{"start":{"line":86,"column":0},"end":{"line":92,"column":1}},"59":{"start":{"line":87,"column":2},"end":{"line":91,"column":4}},"60":{"start":{"line":88,"column":4},"end":{"line":88,"column":29}},"61":{"start":{"line":88,"column":13},"end":{"line":88,"column":29}},"62":{"start":{"line":90,"column":6},"end":{"line":90,"column":19}},"63":{"start":{"line":94,"column":0},"end":{"line":115,"column":1}},"64":{"start":{"line":95,"column":2},"end":{"line":114,"column":4}},"65":{"start":{"line":96,"column":4},"end":{"line":98,"column":5}},"66":{"start":{"line":97,"column":6},"end":{"line":97,"column":22}},"67":{"start":{"line":100,"column":4},"end":{"line":113,"column":5}},"68":{"start":{"line":101,"column":6},"end":{"line":101,"column":58}},"69":{"start":{"line":101,"column":38},"end":{"line":101,"column":58}},"70":{"start":{"line":103,"column":6},"end":{"line":112,"column":20}},"71":{"start":{"line":104,"column":8},"end":{"line":109,"column":10}},"72":{"start":{"line":105,"column":10},"end":{"line":108,"column":12}},"73":{"start":{"line":106,"column":12},"end":{"line":106,"column":39}},"74":{"start":{"line":106,"column":21},"end":{"line":106,"column":39}},"75":{"start":{"line":107,"column":12},"end":{"line":107,"column":28}},"76":{"start":{"line":111,"column":8},"end":{"line":111,"column":53}},"77":{"start":{"line":111,"column":40},"end":{"line":111,"column":53}},"78":{"start":{"line":117,"column":0},"end":{"line":117,"column":25}}},"branchMap":{"1":{"line":14,"type":"if","locations":[{"start":{"line":14,"column":2},"end":{"line":14,"column":2}},{"start":{"line":14,"column":2},"end":{"line":14,"column":2}}]},"2":{"line":29,"type":"if","locations":[{"start":{"line":29,"column":4},"end":{"line":29,"column":4}},{"start":{"line":29,"column":4},"end":{"line":29,"column":4}}]},"3":{"line":30,"type":"if","locations":[{"start":{"line":30,"column":4},"end":{"line":30,"column":4}},{"start":{"line":30,"column":4},"end":{"line":30,"column":4}}]},"4":{"line":40,"type":"if","locations":[{"start":{"line":40,"column":4},"end":{"line":40,"column":4}},{"start":{"line":40,"column":4},"end":{"line":40,"column":4}}]},"5":{"line":42,"type":"if","locations":[{"start":{"line":42,"column":6},"end":{"line":42,"column":6}},{"start":{"line":42,"column":6},"end":{"line":42,"column":6}}]},"6":{"line":49,"type":"if","locations":[{"start":{"line":49,"column":4},"end":{"line":49,"column":4}},{"start":{"line":49,"column":4},"end":{"line":49,"column":4}}]},"7":{"line":50,"type":"if","locations":[{"start":{"line":50,"column":6},"end":{"line":50,"column":6}},{"start":{"line":50,"column":6},"end":{"line":50,"column":6}}]},"8":{"line":62,"type":"if","locations":[{"start":{"line":62,"column":4},"end":{"line":62,"column":4}},{"start":{"line":62,"column":4},"end":{"line":62,"column":4}}]},"9":{"line":63,"type":"if","locations":[{"start":{"line":63,"column":6},"end":{"line":63,"column":6}},{"start":{"line":63,"column":6},"end":{"line":63,"column":6}}]},"10":{"line":80,"type":"if","locations":[{"start":{"line":80,"column":4},"end":{"line":80,"column":4}},{"start":{"line":80,"column":4},"end":{"line":80,"column":4}}]},"11":{"line":88,"type":"if","locations":[{"start":{"line":88,"column":4},"end":{"line":88,"column":4}},{"start":{"line":88,"column":4},"end":{"line":88,"column":4}}]},"12":{"line":96,"type":"if","locations":[{"start":{"line":96,"column":4},"end":{"line":96,"column":4}},{"start":{"line":96,"column":4},"end":{"line":96,"column":4}}]},"13":{"line":96,"type":"binary-expr","locations":[{"start":{"line":96,"column":8},"end":{"line":96,"column":11}},{"start":{"line":96,"column":15},"end":{"line":96,"column":37}}]},"14":{"line":100,"type":"if","locations":[{"start":{"line":100,"column":4},"end":{"line":100,"column":4}},{"start":{"line":100,"column":4},"end":{"line":100,"column":4}}]},"15":{"line":100,"type":"binary-expr","locations":[{"start":{"line":100,"column":8},"end":{"line":100,"column":18}},{"start":{"line":100,"column":22},"end":{"line":100,"column":42}}]},"16":{"line":101,"type":"if","locations":[{"start":{"line":101,"column":6},"end":{"line":101,"column":6}},{"start":{"line":101,"column":6},"end":{"line":101,"column":6}}]},"17":{"line":106,"type":"if","locations":[{"start":{"line":106,"column":12},"end":{"line":106,"column":12}},{"start":{"line":106,"column":12},"end":{"line":106,"column":12}}]},"18":{"line":111,"type":"if","locations":[{"start":{"line":111,"column":8},"end":{"line":111,"column":8}},{"start":{"line":111,"column":8},"end":{"line":111,"column":8}}]}},"code":["var util = require('util')","","var Promise = require('bluebird')","var chalk = require('chalk')","var _ = require('lodash')","","var helper = require('../helpers/resource')","var ApiError = require('../util/api-error')","","const macRegex = /^(([A-Fa-f0-9]{2}[:]){5}[A-Fa-f0-9]{2}[,]?)+$/","const ipRegex = /^(?!0)(?!.*\\.$)((1?\\d?\\d|25[0-5]|2[0-4]\\d)(\\.|$)){4}$/","","helper.createTable(function (err, data) {","  if (err) throw err","})","","function Resource (item) {","","  this.id = item.id","  this.alias = item.alias","  this.app = item.app","  this.location = item.location","  this.topic = item.topic","  this.groupname = item.groupname","  this.hook = item.hook","","  try {","    const hookTail = item.hook.split('/')[item.hook.split('/').length - 1]","    if (macRegex.test(hookTail)) this.mac = hookTail","    if (ipRegex.test(hookTail)) this.ip = hookTail","  } catch (e) { /* console.log(chalk.grey('[warning] rosources without hook')) */ }","}","","Resource.create = function (item, done) {","  return (new Resource(item)).save(done)","}","","Resource.prototype.destroy = function (done) {","  helper.deleteAction(this.id, function (err) {","    if (err) return done(err)","","      if (typeof done === 'function') return done(null)","    })","}","","Resource.find = function (query, done) {","  var result = []","  helper.findAction(query, function (err, row) {","    if (err) return done(err)","      if (_.isEmpty(row)) return done(new ApiError(404, 'Resource not found DB'))","","      row.forEach(function (action) {","        result.push(new Resource(action))","      })","","      return done(null, result)","    })","}","","Resource.findOne = function (query, done) {","  helper.findAction(query, function (err, row) {","    if (err) return done(err)","      if (row.length < 1) return done(new ApiError(404, 'Resource not found DB'))","","        return done(null, new Resource(row[row.length - 1]))","    })","}","","Resource.prototype.save = function (done) {","  var self = this","  var schema = {","    alias: this.alias,","    app: this.app,","    location: this.location,","    topic: this.topic,","    groupname: this.groupname,","    hook: this.hook","  }","  helper.insertAction(schema,\tfunction (err) {","    if (err) return done(err)","","      Resource.findOne({app: self.app}, done)","  })","}","","Resource.update = function (query, value, done) {","  helper.updateAction(query, value, function (err) {","    if (err) return done(err)","","      return done()","  })","}","","Resource.destroy = function (query, done) {","  Resource.find(query, function (err, resources) {","    if (err && err.statusCode !== 404) {","      return done(err)","    }","","    if (!resources || _.isEmpty(resources)) {","      if (typeof done === 'function') return done(null, 0)","    } else {","      Promise.map(resources, function (item) {","        return new Promise(function (resolve, reject) {","          item.destroy(function (err) {","            if (err) return reject(err)","            return resolve()","          })","        })","      }).then(function () {","        if (typeof done === 'function') return done()","      }).catch(done)","    }","  })","}","","module.exports = Resource",""],"l":{"1":1,"3":1,"4":1,"5":1,"7":1,"8":1,"10":1,"11":1,"13":1,"14":1,"17":1,"19":0,"20":0,"21":0,"22":0,"23":0,"24":0,"25":0,"27":0,"28":0,"29":0,"30":0,"34":1,"35":0,"38":1,"39":0,"40":0,"42":0,"46":1,"47":0,"48":0,"49":0,"50":0,"52":0,"53":0,"56":0,"60":1,"61":0,"62":0,"63":0,"65":0,"69":1,"70":0,"71":0,"79":0,"80":0,"82":0,"86":1,"87":0,"88":0,"90":0,"94":1,"95":0,"96":0,"97":0,"100":0,"101":0,"103":0,"104":0,"105":0,"106":0,"107":0,"111":0,"117":1}},"/home/travis/build/npmtest/node-npmtest-netbeast-cli/node_modules/netbeast-cli/src/helpers/resource.js":{"path":"/home/travis/build/npmtest/node-npmtest-netbeast-cli/node_modules/netbeast-cli/src/helpers/resource.js","s":{"1":1,"2":1,"3":1,"4":1,"5":1,"6":1,"7":1,"8":0,"9":0,"10":0,"11":0,"12":1,"13":0,"14":1,"15":0,"16":0,"17":0,"18":0,"19":0,"20":0,"21":0,"22":0,"23":1,"24":0,"25":0,"26":0},"b":{"1":[0,0]},"f":{"1":1,"2":0,"3":0,"4":0,"5":0},"fnMap":{"1":{"name":"(anonymous_1)","line":8,"loc":{"start":{"line":8,"column":21},"end":{"line":8,"column":37}}},"2":{"name":"(anonymous_2)","line":20,"loc":{"start":{"line":20,"column":22},"end":{"line":20,"column":45}}},"3":{"name":"(anonymous_3)","line":30,"loc":{"start":{"line":30,"column":22},"end":{"line":30,"column":42}}},"4":{"name":"(anonymous_4)","line":34,"loc":{"start":{"line":34,"column":20},"end":{"line":34,"column":43}}},"5":{"name":"(anonymous_5)","line":49,"loc":{"start":{"line":49,"column":22},"end":{"line":49,"column":52}}}},"statementMap":{"1":{"start":{"line":1,"column":0},"end":{"line":1,"column":42}},"2":{"start":{"line":2,"column":0},"end":{"line":2,"column":30}},"3":{"start":{"line":4,"column":0},"end":{"line":4,"column":55}},"4":{"start":{"line":6,"column":0},"end":{"line":6,"column":32}},"5":{"start":{"line":8,"column":0},"end":{"line":18,"column":1}},"6":{"start":{"line":9,"column":2},"end":{"line":17,"column":7}},"7":{"start":{"line":20,"column":0},"end":{"line":28,"column":1}},"8":{"start":{"line":21,"column":2},"end":{"line":21,"column":81}},"9":{"start":{"line":22,"column":2},"end":{"line":24,"column":27}},"10":{"start":{"line":25,"column":2},"end":{"line":26,"column":98}},"11":{"start":{"line":27,"column":2},"end":{"line":27,"column":22}},"12":{"start":{"line":30,"column":0},"end":{"line":32,"column":1}},"13":{"start":{"line":31,"column":2},"end":{"line":31,"column":63}},"14":{"start":{"line":34,"column":0},"end":{"line":47,"column":1}},"15":{"start":{"line":35,"column":2},"end":{"line":46,"column":3}},"16":{"start":{"line":37,"column":4},"end":{"line":37,"column":43}},"17":{"start":{"line":39,"column":4},"end":{"line":39,"column":56}},"18":{"start":{"line":40,"column":4},"end":{"line":42,"column":5}},"19":{"start":{"line":41,"column":6},"end":{"line":41,"column":61}},"20":{"start":{"line":43,"column":4},"end":{"line":43,"column":46}},"21":{"start":{"line":44,"column":4},"end":{"line":44,"column":51}},"22":{"start":{"line":45,"column":4},"end":{"line":45,"column":31}},"23":{"start":{"line":49,"column":0},"end":{"line":54,"column":1}},"24":{"start":{"line":50,"column":2},"end":{"line":50,"column":33}},"25":{"start":{"line":51,"column":2},"end":{"line":51,"column":38}},"26":{"start":{"line":52,"column":2},"end":{"line":53,"column":51}}},"branchMap":{"1":{"line":35,"type":"if","locations":[{"start":{"line":35,"column":2},"end":{"line":35,"column":2}},{"start":{"line":35,"column":2},"end":{"line":35,"column":2}}]}},"code":["var sqlite3 = require('sqlite3').verbose()","var crypto = require('crypto')","","var db = new sqlite3.Database(process.env.DATABASE_URI)","","var helper = module.exports = {}","","helper.createTable = function (done) {","  db.run('CREATE TABLE IF NOT EXISTS resources(' +","  'id TEXT PRIMARY KEY NOT NULL, ' +","  'alias TEXT, ' +","  'app TEXT NOT NULL, ' +","  'location TEXT, ' +","  'topic TEXT NOT NULL, ' +","  'groupname TEXT, ' +","  'hook TEXT NOT NULL)',","  done)","}","","helper.insertAction = function (query, done) {","  var id = crypto.createHash('sha1').update(query.app + query.hook).digest('hex')","  var statement = db.prepare('INSERT INTO resources (' +","  \"'id', 'alias', 'app', 'location', 'topic', 'groupname', 'hook') \" +","  'VALUES (?,?,?,?,?,?,?)')","  statement","  .run(id, query.alias, query.app, query.location, query.topic, query.groupname, query.hook, done)","  statement.finalize()","}","","helper.deleteAction = function (id, done) {","  db.run(\"DELETE FROM resources WHERE id = '\" + id + \"'\", done)","}","","helper.findAction = function (query, done) {","  if (Object.keys(query).length < 1) {","    // Devuelve los diferentes Hooks que identifican al objeto","    db.all('SELECT * FROM resources', done)","  } else {","    var sql_statement = 'SELECT * FROM resources WHERE '","    for (var field in query) {","      sql_statement += field + \"='\" + query[field] + \"' AND \"","    }","    var aux = sql_statement.lastIndexOf('AND')","    sql_statement = sql_statement.substring(0, aux)","    db.all(sql_statement, done)","  }","}","","helper.updateAction = function (query, value, done) {","  var key = Object.keys(query)[0]","  var newvalue = Object.keys(value)[0]","  db.run('UPDATE resources SET ' + newvalue + \"='\" + value[newvalue] +","  \"' WHERE \" + key + \"='\" + query[key] + \"'\", done)","}",""],"l":{"1":1,"2":1,"4":1,"6":1,"8":1,"9":1,"20":1,"21":0,"22":0,"25":0,"27":0,"30":1,"31":0,"34":1,"35":0,"37":0,"39":0,"40":0,"41":0,"43":0,"44":0,"45":0,"49":1,"50":0,"51":0,"52":0}}}